<?xml version="1.0" encoding="UTF-8"?>
<!-- Generated by org.testng.reporters.JUnitReportReporter -->
<testsuite hostname="Admins-MacBook-Pro.local" failures="0" tests="8" name="pages.CheckoutWithTyre" time="79.990" errors="0" timestamp="2022-12-22T13:41:26 IST" skipped="0">
  <testcase classname="pages.CheckoutWithTyre" name="sampleTest" time="0.001"/>
  <system-out/>
  <testcase classname="pages.CheckoutWithTyre" name="addAcService" time="31.721"/>
  <system-out>
    <![CDATA[Veirfy Address is current address]]>
  </system-out>
  <testcase classname="pages.CheckoutWithTyre" name="checkoutwithoutaddon" time="7.850"/>
  <system-out/>
  <testcase classname="pages.CheckoutWithTyre" name="checkout" time="1.515"/>
  <system-out/>
  <testcase classname="pages.CheckoutWithTyre" name="loginWithTrueCaller" time="10.265"/>
  <system-out/>
  <testcase classname="pages.CheckoutWithTyre" name="verifyItemTotal" time="9.515"/>
  <system-out/>
  <testcase classname="pages.CheckoutWithTyre" name="checkoutButton" time="0.912"/>
  <system-out/>
  <testcase classname="pages.CheckoutWithTyre" name="selectDateTime" time="18.211"/>
  <system-out/>
</testsuite> <!-- pages.CheckoutWithTyre -->
