<?xml version="1.0" encoding="UTF-8"?>
<!-- Generated by org.testng.reporters.JUnitReportReporter -->
<testsuite hostname="Admins-MacBook-Pro.local" failures="0" tests="9" name="pages.CheckoutWithPeriodicService" time="111.971" errors="0" timestamp="2022-11-29T14:13:52 IST" skipped="0">
  <testcase classname="pages.CheckoutWithPeriodicService" name="sampleTest" time="0.008"/>
  <system-out/>
  <testcase classname="pages.CheckoutWithPeriodicService" name="addPeriodicService" time="35.615"/>
  <system-out>
    <![CDATA[Veirfy Address is current address]]>
  </system-out>
  <testcase classname="pages.CheckoutWithPeriodicService" name="checkoutwithoutaddon" time="18.203"/>
  <system-out/>
  <testcase classname="pages.CheckoutWithPeriodicService" name="checkout" time="1.389"/>
  <system-out/>
  <testcase classname="pages.CheckoutWithPeriodicService" name="loginWithTrueCaller" time="11.516"/>
  <system-out/>
  <testcase classname="pages.CheckoutWithPeriodicService" name="verifyItemTotal" time="10.427"/>
  <system-out/>
  <testcase classname="pages.CheckoutWithPeriodicService" name="applyCouponGoappMoney" time="16.248"/>
  <system-out/>
  <testcase classname="pages.CheckoutWithPeriodicService" name="checkoutButton" time="1.144"/>
  <system-out/>
  <testcase classname="pages.CheckoutWithPeriodicService" name="selectDateTime" time="17.421"/>
  <system-out/>
</testsuite> <!-- pages.CheckoutWithPeriodicService -->
