<?xml version="1.0" encoding="UTF-8"?>
<!-- Generated by org.testng.reporters.JUnitReportReporter -->
<testsuite hostname="Admins-MacBook-Pro.local" failures="0" tests="9" name="pages.CheckoutWithPeriodicService" time="116.097" errors="0" timestamp="2022-12-22T14:18:56 IST" skipped="0">
  <testcase classname="pages.CheckoutWithPeriodicService" name="sampleTest" time="0.006"/>
  <system-out/>
  <testcase classname="pages.CheckoutWithPeriodicService" name="addPeriodicService" time="39.981"/>
  <system-out>
    <![CDATA[Veirfy Address is current address]]>
  </system-out>
  <testcase classname="pages.CheckoutWithPeriodicService" name="checkoutwithoutaddon" time="19.887"/>
  <system-out/>
  <testcase classname="pages.CheckoutWithPeriodicService" name="checkout" time="1.431"/>
  <system-out/>
  <testcase classname="pages.CheckoutWithPeriodicService" name="loginWithTrueCaller" time="10.201"/>
  <system-out/>
  <testcase classname="pages.CheckoutWithPeriodicService" name="verifyItemTotal" time="10.153"/>
  <system-out/>
  <testcase classname="pages.CheckoutWithPeriodicService" name="applyCouponGoappMoney" time="16.278"/>
  <system-out/>
  <testcase classname="pages.CheckoutWithPeriodicService" name="checkoutButton" time="0.983"/>
  <system-out/>
  <testcase classname="pages.CheckoutWithPeriodicService" name="selectDateTime" time="17.177"/>
  <system-out/>
</testsuite> <!-- pages.CheckoutWithPeriodicService -->
