<?xml version="1.0" encoding="UTF-8"?>
<!-- Generated by org.testng.reporters.JUnitReportReporter -->
<testsuite hostname="Admins-MacBook-Pro.local" failures="0" tests="1" name="pages.BaseClass" time="0.007" errors="0" timestamp="2022-12-20T14:15:15 IST" skipped="0">
  <testcase classname="pages.BaseClass" name="sampleTest" time="0.007"/>
  <system-out/>
</testsuite> <!-- pages.BaseClass -->
