<?xml version="1.0" encoding="UTF-8"?>
<!-- Generated by org.testng.reporters.JUnitReportReporter -->
<testsuite hostname="Admins-MacBook-Pro.local" failures="0" tests="11" name="pages.CheckoutWithWindshieldLightsService" time="34.723" errors="1" timestamp="2022-12-22T13:41:26 IST" skipped="10">
  <testcase classname="pages.CheckoutWithWindshieldLightsService" name="sampleTest" time="0.000">
    <skipped/>
  </testcase> <!-- sampleTest -->
  <system-out/>
  <testcase classname="pages.CheckoutWithWindshieldLightsService" name="setUp" time="34.723">
    <error message="Could not start a new session. Response code 500. Message: An unknown server-side error occurred while processing the command. Original error: Cannot start the &#039;gomechanic.retail&#039; application. Visit https://github.com/appium/appium/blob/master/docs/en/writing-running-appium/android/activity-startup.md for troubleshooting. Original error: Error executing adbExec. Original error: &#039;Command &#039;/Users/android/Library/Android/sdk/platform-tools/adb -P 5037 -s PV4HBUTG5XYXYPMN shell am start -W -n gomechanic.retail/gomechanic.retail.HomeActivity -S -a android.intent.action.MAIN -c android.intent.category.LAUNCHER -f 0x10200000&#039; timed out after 20000ms&#039;. Try to increase the 20000ms adb execution timeout represented by &#039;adbExecTimeout&#039; capability 
Host info: host: &#039;Admins-MacBook-Pro.local&#039;, ip: &#039;fe80:0:0:0:88e:8397:e0b1:72cf%en0&#039;
Build info: version: &#039;4.6.0&#039;, revision: &#039;79f1c02ae20&#039;
System info: os.name: &#039;Mac OS X&#039;, os.arch: &#039;x86_64&#039;, os.version: &#039;13.0.1&#039;, java.version: &#039;11.0.16.1&#039;
Driver info: io.appium.java_client.android.AndroidDriver
Command: [null, newSession {capabilities=[{appium:appActivity=gomechanic.retail.HomeActivity, appium:appPackage=gomechanic.retail, appium:autoGrantPermissions=true, appium:automationName=Appium, appium:connectHardwareKeyboard=true, appium:deviceName=Redmi 9A, appium:newCommandTimeout=3600, appium:noReset=false, platformName=ANDROID, appium:platformVersion=10 QP1A.190711.020, appium:udid=PV4HBUTG5XYXYPMN}], desiredCapabilities=Capabilities {appActivity: gomechanic.retail.HomeActivity, appPackage: gomechanic.retail, autoGrantPermissions: true, automationName: Appium, connectHardwareKeyboard: true, deviceName: Redmi 9A, newCommandTimeout: 3600, noReset: false, platformName: ANDROID, platformVersion: 10 QP1A.190711.020, udid: PV4HBUTG5XYXYPMN}}]
Capabilities {}" type="org.openqa.selenium.SessionNotCreatedException">
      <![CDATA[org.openqa.selenium.SessionNotCreatedException: Could not start a new session. Response code 500. Message: An unknown server-side error occurred while processing the command. Original error: Cannot start the 'gomechanic.retail' application. Visit https://github.com/appium/appium/blob/master/docs/en/writing-running-appium/android/activity-startup.md for troubleshooting. Original error: Error executing adbExec. Original error: 'Command '/Users/android/Library/Android/sdk/platform-tools/adb -P 5037 -s PV4HBUTG5XYXYPMN shell am start -W -n gomechanic.retail/gomechanic.retail.HomeActivity -S -a android.intent.action.MAIN -c android.intent.category.LAUNCHER -f 0x10200000' timed out after 20000ms'. Try to increase the 20000ms adb execution timeout represented by 'adbExecTimeout' capability 
Host info: host: 'Admins-MacBook-Pro.local', ip: 'fe80:0:0:0:88e:8397:e0b1:72cf%en0'
Build info: version: '4.6.0', revision: '79f1c02ae20'
System info: os.name: 'Mac OS X', os.arch: 'x86_64', os.version: '13.0.1', java.version: '11.0.16.1'
Driver info: io.appium.java_client.android.AndroidDriver
Command: [null, newSession {capabilities=[{appium:appActivity=gomechanic.retail.HomeActivity, appium:appPackage=gomechanic.retail, appium:autoGrantPermissions=true, appium:automationName=Appium, appium:connectHardwareKeyboard=true, appium:deviceName=Redmi 9A, appium:newCommandTimeout=3600, appium:noReset=false, platformName=ANDROID, appium:platformVersion=10 QP1A.190711.020, appium:udid=PV4HBUTG5XYXYPMN}], desiredCapabilities=Capabilities {appActivity: gomechanic.retail.HomeActivity, appPackage: gomechanic.retail, autoGrantPermissions: true, automationName: Appium, connectHardwareKeyboard: true, deviceName: Redmi 9A, newCommandTimeout: 3600, noReset: false, platformName: ANDROID, platformVersion: 10 QP1A.190711.020, udid: PV4HBUTG5XYXYPMN}}]
Capabilities {}
at org.openqa.selenium.remote.ProtocolHandshake.createSession(ProtocolHandshake.java:146)
at java.base/jdk.internal.reflect.NativeMethodAccessorImpl.invoke0(Native Method)
at java.base/jdk.internal.reflect.NativeMethodAccessorImpl.invoke(NativeMethodAccessorImpl.java:62)
at java.base/jdk.internal.reflect.DelegatingMethodAccessorImpl.invoke(DelegatingMethodAccessorImpl.java:43)
at java.base/java.lang.reflect.Method.invoke(Method.java:566)
at io.appium.java_client.remote.AppiumProtocolHandshake.createSession(AppiumProtocolHandshake.java:126)
at io.appium.java_client.remote.AppiumProtocolHandshake.createSession(AppiumProtocolHandshake.java:102)
at io.appium.java_client.remote.AppiumCommandExecutor.createSession(AppiumCommandExecutor.java:155)
at io.appium.java_client.remote.AppiumCommandExecutor.execute(AppiumCommandExecutor.java:189)
at org.openqa.selenium.remote.RemoteWebDriver.execute(RemoteWebDriver.java:541)
at io.appium.java_client.AppiumDriver.startSession(AppiumDriver.java:229)
at org.openqa.selenium.remote.RemoteWebDriver.<init>(RemoteWebDriver.java:157)
at io.appium.java_client.AppiumDriver.<init>(AppiumDriver.java:80)
at io.appium.java_client.AppiumDriver.<init>(AppiumDriver.java:92)
at io.appium.java_client.android.AndroidDriver.<init>(AndroidDriver.java:117)
at pages.BaseClass.setUp(BaseClass.java:44)
at java.base/jdk.internal.reflect.NativeMethodAccessorImpl.invoke0(Native Method)
at java.base/jdk.internal.reflect.NativeMethodAccessorImpl.invoke(NativeMethodAccessorImpl.java:62)
at java.base/jdk.internal.reflect.DelegatingMethodAccessorImpl.invoke(DelegatingMethodAccessorImpl.java:43)
at java.base/java.lang.reflect.Method.invoke(Method.java:566)
at org.testng.internal.invokers.MethodInvocationHelper.invokeMethod(MethodInvocationHelper.java:139)
at org.testng.internal.invokers.MethodInvocationHelper.invokeMethodConsideringTimeout(MethodInvocationHelper.java:69)
at org.testng.internal.invokers.ConfigInvoker.invokeConfigurationMethod(ConfigInvoker.java:361)
at org.testng.internal.invokers.ConfigInvoker.invokeConfigurations(ConfigInvoker.java:296)
at org.testng.internal.invokers.TestMethodWorker.invokeBeforeClassMethods(TestMethodWorker.java:180)
at org.testng.internal.invokers.TestMethodWorker.run(TestMethodWorker.java:122)
at java.base/java.util.ArrayList.forEach(ArrayList.java:1541)
at org.testng.TestRunner.privateRun(TestRunner.java:806)
at org.testng.TestRunner.run(TestRunner.java:601)
at org.testng.SuiteRunner.runTest(SuiteRunner.java:433)
at org.testng.SuiteRunner.runSequentially(SuiteRunner.java:427)
at org.testng.SuiteRunner.privateRun(SuiteRunner.java:387)
at org.testng.SuiteRunner.run(SuiteRunner.java:330)
at org.testng.SuiteRunnerWorker.runSuite(SuiteRunnerWorker.java:52)
at org.testng.SuiteRunnerWorker.run(SuiteRunnerWorker.java:95)
at org.testng.TestNG.runSuitesSequentially(TestNG.java:1256)
at org.testng.TestNG.runSuitesLocally(TestNG.java:1176)
at org.testng.TestNG.runSuites(TestNG.java:1099)
at org.testng.TestNG.run(TestNG.java:1067)
at org.testng.remote.AbstractRemoteTestNG.run(AbstractRemoteTestNG.java:115)
at org.testng.remote.RemoteTestNG.initAndRun(RemoteTestNG.java:251)
at org.testng.remote.RemoteTestNG.main(RemoteTestNG.java:77)
]]>
    </error>
  </testcase> <!-- setUp -->
  <system-out/>
  <testcase classname="pages.CheckoutWithWindshieldLightsService" name="clickSelectCarButton" time="0.000">
    <skipped/>
  </testcase> <!-- clickSelectCarButton -->
  <system-out/>
  <testcase classname="pages.CheckoutWithWindshieldLightsService" name="HomePageVeirfy" time="0.000">
    <skipped/>
  </testcase> <!-- HomePageVeirfy -->
  <system-out/>
  <testcase classname="pages.CheckoutWithWindshieldLightsService" name="addAcService" time="0.000">
    <skipped/>
  </testcase> <!-- addAcService -->
  <system-out/>
  <testcase classname="pages.CheckoutWithWindshieldLightsService" name="checkoutwithoutaddon" time="0.000">
    <skipped/>
  </testcase> <!-- checkoutwithoutaddon -->
  <system-out/>
  <testcase classname="pages.CheckoutWithWindshieldLightsService" name="checkout" time="0.000">
    <skipped/>
  </testcase> <!-- checkout -->
  <system-out/>
  <testcase classname="pages.CheckoutWithWindshieldLightsService" name="loginWithTrueCaller" time="0.000">
    <skipped/>
  </testcase> <!-- loginWithTrueCaller -->
  <system-out/>
  <testcase classname="pages.CheckoutWithWindshieldLightsService" name="verifyItemTotal" time="0.000">
    <skipped/>
  </testcase> <!-- verifyItemTotal -->
  <system-out/>
  <testcase classname="pages.CheckoutWithWindshieldLightsService" name="checkoutButton" time="0.000">
    <skipped/>
  </testcase> <!-- checkoutButton -->
  <system-out/>
  <testcase classname="pages.CheckoutWithWindshieldLightsService" name="selectDateTime" time="0.000">
    <skipped/>
  </testcase> <!-- selectDateTime -->
  <system-out/>
</testsuite> <!-- pages.CheckoutWithWindshieldLightsService -->
