<?xml version="1.0" encoding="UTF-8"?>
<!-- Generated by org.testng.reporters.JUnitReportReporter -->
<testsuite hostname="Admins-MacBook-Pro.local" failures="0" tests="8" name="pages.CheckoutWithTyre" time="87.116" errors="0" timestamp="2022-12-01T16:20:22 IST" skipped="0">
  <testcase classname="pages.CheckoutWithTyre" name="sampleTest" time="0.014"/>
  <system-out/>
  <testcase classname="pages.CheckoutWithTyre" name="addAcService" time="35.605"/>
  <system-out>
    <![CDATA[Veirfy Address is current address]]>
  </system-out>
  <testcase classname="pages.CheckoutWithTyre" name="checkoutwithoutaddon" time="8.370"/>
  <system-out/>
  <testcase classname="pages.CheckoutWithTyre" name="checkout" time="1.506"/>
  <system-out/>
  <testcase classname="pages.CheckoutWithTyre" name="loginWithTrueCaller" time="10.245"/>
  <system-out/>
  <testcase classname="pages.CheckoutWithTyre" name="verifyItemTotal" time="13.079"/>
  <system-out/>
  <testcase classname="pages.CheckoutWithTyre" name="checkoutButton" time="0.925"/>
  <system-out/>
  <testcase classname="pages.CheckoutWithTyre" name="selectDateTime" time="17.372"/>
  <system-out/>
</testsuite> <!-- pages.CheckoutWithTyre -->
