<?xml version="1.0" encoding="UTF-8"?>
<!-- Generated by org.testng.reporters.JUnitReportReporter -->
<testsuite hostname="Admins-MacBook-Pro.local" failures="0" tests="3" name="pages.SelectCarNoLogin" time="25.812" errors="0" timestamp="2022-11-24T15:08:47 IST" skipped="0">
  <testcase classname="pages.SelectCarNoLogin" name="sampleTest" time="0.005"/>
  <system-out/>
  <testcase classname="pages.SelectCarNoLogin" name="clickSelectCarButton" time="24.845"/>
  <system-out/>
  <testcase classname="pages.SelectCarNoLogin" name="HomePageVeirfy" time="0.962"/>
  <system-out>
    <![CDATA[Veirfy Address is current address]]>
  </system-out>
</testsuite> <!-- pages.SelectCarNoLogin -->
