<?xml version="1.0" encoding="UTF-8"?>
<!-- Generated by org.testng.reporters.JUnitReportReporter -->
<testsuite hostname="Admins-MacBook-Pro.local" failures="0" tests="38" name="pages.CheckoutWithWindshieldLightsService" time="63.983" errors="7" timestamp="2022-12-22T14:18:56 IST" skipped="28">
  <testcase classname="pages.CheckoutWithWindshieldLightsService" name="sampleTest" time="0.001"/>
  <system-out/>
  <testcase classname="pages.CheckoutWithWindshieldLightsService" name="clickSelectCarButton" time="25.194"/>
  <system-out/>
  <testcase classname="pages.CheckoutWithWindshieldLightsService" name="HomePageVeirfy" time="0.597"/>
  <system-out>
    <![CDATA[Veirfy Address is current address]]>
  </system-out>
  <testcase classname="pages.CheckoutWithWindshieldLightsService" name="addAcService" time="0.304">
    <skipped/>
  </testcase> <!-- addAcService -->
  <system-out/>
  <testcase classname="pages.CheckoutWithWindshieldLightsService" name="addAcService" time="0.307">
    <skipped/>
  </testcase> <!-- addAcService -->
  <system-out/>
  <testcase classname="pages.CheckoutWithWindshieldLightsService" name="addAcService" time="0.301">
    <skipped/>
  </testcase> <!-- addAcService -->
  <system-out/>
  <testcase classname="pages.CheckoutWithWindshieldLightsService" name="addAcService" time="0.259">
    <error message="An element could not be located on the page using the given search parameters.
For documentation on this error, please visit: https://selenium.dev/exceptions/#no_such_element
Build info: version: &#039;4.6.0&#039;, revision: &#039;79f1c02ae20&#039;
System info: os.name: &#039;Mac OS X&#039;, os.arch: &#039;x86_64&#039;, os.version: &#039;13.0.1&#039;, java.version: &#039;11.0.16.1&#039;
Driver info: io.appium.java_client.android.AndroidDriver
Command: [231b68bd-8337-4c2b-865d-8c1386af1e54, findElement {using=id, value=gomechanic.retail:id/tvSelectYourCarOBF}]
Capabilities {appium:appActivity: gomechanic.retail.HomeActivity, appium:appPackage: gomechanic.retail, appium:autoGrantPermissions: true, appium:automationName: Appium, appium:connectHardwareKeyboard: true, appium:databaseEnabled: false, appium:desired: {appActivity: gomechanic.retail.HomeActivity, appPackage: gomechanic.retail, autoGrantPermissions: true, automationName: Appium, connectHardwareKeyboard: true, deviceName: Redmi 9A, newCommandTimeout: 3600, noReset: false, platformName: android, platformVersion: 10 QP1A.190711.020, udid: PV4HBUTG5XYXYPMN}, appium:deviceApiLevel: 29, appium:deviceManufacturer: Xiaomi, appium:deviceModel: M2006C3LI, appium:deviceName: PV4HBUTG5XYXYPMN, appium:deviceScreenDensity: 320, appium:deviceScreenSize: 720x1600, appium:deviceUDID: PV4HBUTG5XYXYPMN, appium:javascriptEnabled: true, appium:locationContextEnabled: false, appium:networkConnectionEnabled: true, appium:newCommandTimeout: 3600, appium:noReset: false, appium:pixelRatio: 2, appium:platformVersion: 10, appium:statBarHeight: 55, appium:takesScreenshot: true, appium:udid: PV4HBUTG5XYXYPMN, appium:viewportRect: {height: 1394, left: 0, top: 55, width: 720}, appium:warnings: {}, appium:webStorageEnabled: false, platformName: ANDROID}
Session ID: 231b68bd-8337-4c2b-865d-8c1386af1e54" type="org.openqa.selenium.NoSuchElementException">
      <![CDATA[org.openqa.selenium.NoSuchElementException: An element could not be located on the page using the given search parameters.
For documentation on this error, please visit: https://selenium.dev/exceptions/#no_such_element
Build info: version: '4.6.0', revision: '79f1c02ae20'
System info: os.name: 'Mac OS X', os.arch: 'x86_64', os.version: '13.0.1', java.version: '11.0.16.1'
Driver info: io.appium.java_client.android.AndroidDriver
Command: [231b68bd-8337-4c2b-865d-8c1386af1e54, findElement {using=id, value=gomechanic.retail:id/tvSelectYourCarOBF}]
Capabilities {appium:appActivity: gomechanic.retail.HomeActivity, appium:appPackage: gomechanic.retail, appium:autoGrantPermissions: true, appium:automationName: Appium, appium:connectHardwareKeyboard: true, appium:databaseEnabled: false, appium:desired: {appActivity: gomechanic.retail.HomeActivity, appPackage: gomechanic.retail, autoGrantPermissions: true, automationName: Appium, connectHardwareKeyboard: true, deviceName: Redmi 9A, newCommandTimeout: 3600, noReset: false, platformName: android, platformVersion: 10 QP1A.190711.020, udid: PV4HBUTG5XYXYPMN}, appium:deviceApiLevel: 29, appium:deviceManufacturer: Xiaomi, appium:deviceModel: M2006C3LI, appium:deviceName: PV4HBUTG5XYXYPMN, appium:deviceScreenDensity: 320, appium:deviceScreenSize: 720x1600, appium:deviceUDID: PV4HBUTG5XYXYPMN, appium:javascriptEnabled: true, appium:locationContextEnabled: false, appium:networkConnectionEnabled: true, appium:newCommandTimeout: 3600, appium:noReset: false, appium:pixelRatio: 2, appium:platformVersion: 10, appium:statBarHeight: 55, appium:takesScreenshot: true, appium:udid: PV4HBUTG5XYXYPMN, appium:viewportRect: {height: 1394, left: 0, top: 55, width: 720}, appium:warnings: {}, appium:webStorageEnabled: false, platformName: ANDROID}
Session ID: 231b68bd-8337-4c2b-865d-8c1386af1e54
at jdk.internal.reflect.GeneratedConstructorAccessor15.newInstance(Unknown Source)
at java.base/jdk.internal.reflect.DelegatingConstructorAccessorImpl.newInstance(DelegatingConstructorAccessorImpl.java:45)
at java.base/java.lang.reflect.Constructor.newInstance(Constructor.java:490)
at org.openqa.selenium.remote.codec.w3c.W3CHttpResponseCodec.createException(W3CHttpResponseCodec.java:200)
at org.openqa.selenium.remote.codec.w3c.W3CHttpResponseCodec.decode(W3CHttpResponseCodec.java:133)
at org.openqa.selenium.remote.codec.w3c.W3CHttpResponseCodec.decode(W3CHttpResponseCodec.java:53)
at org.openqa.selenium.remote.HttpCommandExecutor.execute(HttpCommandExecutor.java:184)
at io.appium.java_client.remote.AppiumCommandExecutor.execute(AppiumCommandExecutor.java:189)
at org.openqa.selenium.remote.RemoteWebDriver.execute(RemoteWebDriver.java:541)
at org.openqa.selenium.remote.ElementLocation$ElementFinder$2.findElement(ElementLocation.java:162)
at org.openqa.selenium.remote.ElementLocation.findElement(ElementLocation.java:60)
at org.openqa.selenium.remote.RemoteWebDriver.findElement(RemoteWebDriver.java:365)
at org.openqa.selenium.remote.RemoteWebDriver.findElement(RemoteWebDriver.java:357)
at pages.SelectCarNoLogin.clickSelectCarButton(SelectCarNoLogin.java:21)
at pages.CheckoutWithWindshieldLightsService.addAcService(CheckoutWithWindshieldLightsService.java:20)
at java.base/jdk.internal.reflect.NativeMethodAccessorImpl.invoke0(Native Method)
at java.base/jdk.internal.reflect.NativeMethodAccessorImpl.invoke(NativeMethodAccessorImpl.java:62)
at java.base/jdk.internal.reflect.DelegatingMethodAccessorImpl.invoke(DelegatingMethodAccessorImpl.java:43)
at java.base/java.lang.reflect.Method.invoke(Method.java:566)
at org.testng.internal.invokers.MethodInvocationHelper.invokeMethod(MethodInvocationHelper.java:139)
at org.testng.internal.invokers.TestInvoker.invokeMethod(TestInvoker.java:677)
at org.testng.internal.invokers.TestInvoker.retryFailed(TestInvoker.java:263)
at org.testng.internal.invokers.MethodRunner.runInSequence(MethodRunner.java:62)
at org.testng.internal.invokers.TestInvoker$MethodInvocationAgent.invoke(TestInvoker.java:962)
at org.testng.internal.invokers.TestInvoker.invokeTestMethods(TestInvoker.java:194)
at org.testng.internal.invokers.TestMethodWorker.invokeTestMethods(TestMethodWorker.java:148)
at org.testng.internal.invokers.TestMethodWorker.run(TestMethodWorker.java:128)
at java.base/java.util.ArrayList.forEach(ArrayList.java:1541)
at org.testng.TestRunner.privateRun(TestRunner.java:806)
at org.testng.TestRunner.run(TestRunner.java:601)
at org.testng.SuiteRunner.runTest(SuiteRunner.java:433)
at org.testng.SuiteRunner.runSequentially(SuiteRunner.java:427)
at org.testng.SuiteRunner.privateRun(SuiteRunner.java:387)
at org.testng.SuiteRunner.run(SuiteRunner.java:330)
at org.testng.SuiteRunnerWorker.runSuite(SuiteRunnerWorker.java:52)
at org.testng.SuiteRunnerWorker.run(SuiteRunnerWorker.java:95)
at org.testng.TestNG.runSuitesSequentially(TestNG.java:1256)
at org.testng.TestNG.runSuitesLocally(TestNG.java:1176)
at org.testng.TestNG.runSuites(TestNG.java:1099)
at org.testng.TestNG.run(TestNG.java:1067)
at org.testng.remote.AbstractRemoteTestNG.run(AbstractRemoteTestNG.java:115)
at org.testng.remote.RemoteTestNG.initAndRun(RemoteTestNG.java:251)
at org.testng.remote.RemoteTestNG.main(RemoteTestNG.java:77)
]]>
    </error>
  </testcase> <!-- addAcService -->
  <system-out/>
  <testcase classname="pages.CheckoutWithWindshieldLightsService" name="addAcService" time="0.239">
    <skipped/>
  </testcase> <!-- addAcService -->
  <system-out/>
  <testcase classname="pages.CheckoutWithWindshieldLightsService" name="checkoutwithoutaddon" time="0.252">
    <skipped/>
  </testcase> <!-- checkoutwithoutaddon -->
  <system-out/>
  <testcase classname="pages.CheckoutWithWindshieldLightsService" name="checkoutwithoutaddon" time="0.232">
    <skipped/>
  </testcase> <!-- checkoutwithoutaddon -->
  <system-out/>
  <testcase classname="pages.CheckoutWithWindshieldLightsService" name="checkoutwithoutaddon" time="0.284">
    <error message="An element could not be located on the page using the given search parameters.
For documentation on this error, please visit: https://selenium.dev/exceptions/#no_such_element
Build info: version: &#039;4.6.0&#039;, revision: &#039;79f1c02ae20&#039;
System info: os.name: &#039;Mac OS X&#039;, os.arch: &#039;x86_64&#039;, os.version: &#039;13.0.1&#039;, java.version: &#039;11.0.16.1&#039;
Driver info: io.appium.java_client.android.AndroidDriver
Command: [231b68bd-8337-4c2b-865d-8c1386af1e54, findElement {using=id, value=gomechanic.retail:id/tvViewCartTextLOS}]
Capabilities {appium:appActivity: gomechanic.retail.HomeActivity, appium:appPackage: gomechanic.retail, appium:autoGrantPermissions: true, appium:automationName: Appium, appium:connectHardwareKeyboard: true, appium:databaseEnabled: false, appium:desired: {appActivity: gomechanic.retail.HomeActivity, appPackage: gomechanic.retail, autoGrantPermissions: true, automationName: Appium, connectHardwareKeyboard: true, deviceName: Redmi 9A, newCommandTimeout: 3600, noReset: false, platformName: android, platformVersion: 10 QP1A.190711.020, udid: PV4HBUTG5XYXYPMN}, appium:deviceApiLevel: 29, appium:deviceManufacturer: Xiaomi, appium:deviceModel: M2006C3LI, appium:deviceName: PV4HBUTG5XYXYPMN, appium:deviceScreenDensity: 320, appium:deviceScreenSize: 720x1600, appium:deviceUDID: PV4HBUTG5XYXYPMN, appium:javascriptEnabled: true, appium:locationContextEnabled: false, appium:networkConnectionEnabled: true, appium:newCommandTimeout: 3600, appium:noReset: false, appium:pixelRatio: 2, appium:platformVersion: 10, appium:statBarHeight: 55, appium:takesScreenshot: true, appium:udid: PV4HBUTG5XYXYPMN, appium:viewportRect: {height: 1394, left: 0, top: 55, width: 720}, appium:warnings: {}, appium:webStorageEnabled: false, platformName: ANDROID}
Session ID: 231b68bd-8337-4c2b-865d-8c1386af1e54" type="org.openqa.selenium.NoSuchElementException">
      <![CDATA[org.openqa.selenium.NoSuchElementException: An element could not be located on the page using the given search parameters.
For documentation on this error, please visit: https://selenium.dev/exceptions/#no_such_element
Build info: version: '4.6.0', revision: '79f1c02ae20'
System info: os.name: 'Mac OS X', os.arch: 'x86_64', os.version: '13.0.1', java.version: '11.0.16.1'
Driver info: io.appium.java_client.android.AndroidDriver
Command: [231b68bd-8337-4c2b-865d-8c1386af1e54, findElement {using=id, value=gomechanic.retail:id/tvViewCartTextLOS}]
Capabilities {appium:appActivity: gomechanic.retail.HomeActivity, appium:appPackage: gomechanic.retail, appium:autoGrantPermissions: true, appium:automationName: Appium, appium:connectHardwareKeyboard: true, appium:databaseEnabled: false, appium:desired: {appActivity: gomechanic.retail.HomeActivity, appPackage: gomechanic.retail, autoGrantPermissions: true, automationName: Appium, connectHardwareKeyboard: true, deviceName: Redmi 9A, newCommandTimeout: 3600, noReset: false, platformName: android, platformVersion: 10 QP1A.190711.020, udid: PV4HBUTG5XYXYPMN}, appium:deviceApiLevel: 29, appium:deviceManufacturer: Xiaomi, appium:deviceModel: M2006C3LI, appium:deviceName: PV4HBUTG5XYXYPMN, appium:deviceScreenDensity: 320, appium:deviceScreenSize: 720x1600, appium:deviceUDID: PV4HBUTG5XYXYPMN, appium:javascriptEnabled: true, appium:locationContextEnabled: false, appium:networkConnectionEnabled: true, appium:newCommandTimeout: 3600, appium:noReset: false, appium:pixelRatio: 2, appium:platformVersion: 10, appium:statBarHeight: 55, appium:takesScreenshot: true, appium:udid: PV4HBUTG5XYXYPMN, appium:viewportRect: {height: 1394, left: 0, top: 55, width: 720}, appium:warnings: {}, appium:webStorageEnabled: false, platformName: ANDROID}
Session ID: 231b68bd-8337-4c2b-865d-8c1386af1e54
at jdk.internal.reflect.GeneratedConstructorAccessor15.newInstance(Unknown Source)
at java.base/jdk.internal.reflect.DelegatingConstructorAccessorImpl.newInstance(DelegatingConstructorAccessorImpl.java:45)
at java.base/java.lang.reflect.Constructor.newInstance(Constructor.java:490)
at org.openqa.selenium.remote.codec.w3c.W3CHttpResponseCodec.createException(W3CHttpResponseCodec.java:200)
at org.openqa.selenium.remote.codec.w3c.W3CHttpResponseCodec.decode(W3CHttpResponseCodec.java:133)
at org.openqa.selenium.remote.codec.w3c.W3CHttpResponseCodec.decode(W3CHttpResponseCodec.java:53)
at org.openqa.selenium.remote.HttpCommandExecutor.execute(HttpCommandExecutor.java:184)
at io.appium.java_client.remote.AppiumCommandExecutor.execute(AppiumCommandExecutor.java:189)
at org.openqa.selenium.remote.RemoteWebDriver.execute(RemoteWebDriver.java:541)
at org.openqa.selenium.remote.ElementLocation$ElementFinder$2.findElement(ElementLocation.java:162)
at org.openqa.selenium.remote.ElementLocation.findElement(ElementLocation.java:60)
at org.openqa.selenium.remote.RemoteWebDriver.findElement(RemoteWebDriver.java:365)
at org.openqa.selenium.remote.RemoteWebDriver.findElement(RemoteWebDriver.java:357)
at pages.CheckoutWithWindshieldLightsService.checkoutwithoutaddon(CheckoutWithWindshieldLightsService.java:49)
at java.base/jdk.internal.reflect.NativeMethodAccessorImpl.invoke0(Native Method)
at java.base/jdk.internal.reflect.NativeMethodAccessorImpl.invoke(NativeMethodAccessorImpl.java:62)
at java.base/jdk.internal.reflect.DelegatingMethodAccessorImpl.invoke(DelegatingMethodAccessorImpl.java:43)
at java.base/java.lang.reflect.Method.invoke(Method.java:566)
at org.testng.internal.invokers.MethodInvocationHelper.invokeMethod(MethodInvocationHelper.java:139)
at org.testng.internal.invokers.TestInvoker.invokeMethod(TestInvoker.java:677)
at org.testng.internal.invokers.TestInvoker.retryFailed(TestInvoker.java:263)
at org.testng.internal.invokers.MethodRunner.runInSequence(MethodRunner.java:62)
at org.testng.internal.invokers.TestInvoker$MethodInvocationAgent.invoke(TestInvoker.java:962)
at org.testng.internal.invokers.TestInvoker.invokeTestMethods(TestInvoker.java:194)
at org.testng.internal.invokers.TestMethodWorker.invokeTestMethods(TestMethodWorker.java:148)
at org.testng.internal.invokers.TestMethodWorker.run(TestMethodWorker.java:128)
at java.base/java.util.ArrayList.forEach(ArrayList.java:1541)
at org.testng.TestRunner.privateRun(TestRunner.java:806)
at org.testng.TestRunner.run(TestRunner.java:601)
at org.testng.SuiteRunner.runTest(SuiteRunner.java:433)
at org.testng.SuiteRunner.runSequentially(SuiteRunner.java:427)
at org.testng.SuiteRunner.privateRun(SuiteRunner.java:387)
at org.testng.SuiteRunner.run(SuiteRunner.java:330)
at org.testng.SuiteRunnerWorker.runSuite(SuiteRunnerWorker.java:52)
at org.testng.SuiteRunnerWorker.run(SuiteRunnerWorker.java:95)
at org.testng.TestNG.runSuitesSequentially(TestNG.java:1256)
at org.testng.TestNG.runSuitesLocally(TestNG.java:1176)
at org.testng.TestNG.runSuites(TestNG.java:1099)
at org.testng.TestNG.run(TestNG.java:1067)
at org.testng.remote.AbstractRemoteTestNG.run(AbstractRemoteTestNG.java:115)
at org.testng.remote.RemoteTestNG.initAndRun(RemoteTestNG.java:251)
at org.testng.remote.RemoteTestNG.main(RemoteTestNG.java:77)
]]>
    </error>
  </testcase> <!-- checkoutwithoutaddon -->
  <system-out/>
  <testcase classname="pages.CheckoutWithWindshieldLightsService" name="checkoutwithoutaddon" time="0.237">
    <skipped/>
  </testcase> <!-- checkoutwithoutaddon -->
  <system-out/>
  <testcase classname="pages.CheckoutWithWindshieldLightsService" name="checkoutwithoutaddon" time="0.236">
    <skipped/>
  </testcase> <!-- checkoutwithoutaddon -->
  <system-out/>
  <testcase classname="pages.CheckoutWithWindshieldLightsService" name="checkout" time="0.572">
    <skipped/>
  </testcase> <!-- checkout -->
  <system-out/>
  <testcase classname="pages.CheckoutWithWindshieldLightsService" name="checkout" time="0.516">
    <error message="An element could not be located on the page using the given search parameters.
For documentation on this error, please visit: https://selenium.dev/exceptions/#no_such_element
Build info: version: &#039;4.6.0&#039;, revision: &#039;79f1c02ae20&#039;
System info: os.name: &#039;Mac OS X&#039;, os.arch: &#039;x86_64&#039;, os.version: &#039;13.0.1&#039;, java.version: &#039;11.0.16.1&#039;
Driver info: io.appium.java_client.android.AndroidDriver
Command: [231b68bd-8337-4c2b-865d-8c1386af1e54, findElement {using=xpath, value=//android.widget.TextView[@text=&#039;Proceed to Checkout&#039;]}]
Capabilities {appium:appActivity: gomechanic.retail.HomeActivity, appium:appPackage: gomechanic.retail, appium:autoGrantPermissions: true, appium:automationName: Appium, appium:connectHardwareKeyboard: true, appium:databaseEnabled: false, appium:desired: {appActivity: gomechanic.retail.HomeActivity, appPackage: gomechanic.retail, autoGrantPermissions: true, automationName: Appium, connectHardwareKeyboard: true, deviceName: Redmi 9A, newCommandTimeout: 3600, noReset: false, platformName: android, platformVersion: 10 QP1A.190711.020, udid: PV4HBUTG5XYXYPMN}, appium:deviceApiLevel: 29, appium:deviceManufacturer: Xiaomi, appium:deviceModel: M2006C3LI, appium:deviceName: PV4HBUTG5XYXYPMN, appium:deviceScreenDensity: 320, appium:deviceScreenSize: 720x1600, appium:deviceUDID: PV4HBUTG5XYXYPMN, appium:javascriptEnabled: true, appium:locationContextEnabled: false, appium:networkConnectionEnabled: true, appium:newCommandTimeout: 3600, appium:noReset: false, appium:pixelRatio: 2, appium:platformVersion: 10, appium:statBarHeight: 55, appium:takesScreenshot: true, appium:udid: PV4HBUTG5XYXYPMN, appium:viewportRect: {height: 1394, left: 0, top: 55, width: 720}, appium:warnings: {}, appium:webStorageEnabled: false, platformName: ANDROID}
Session ID: 231b68bd-8337-4c2b-865d-8c1386af1e54" type="org.openqa.selenium.NoSuchElementException">
      <![CDATA[org.openqa.selenium.NoSuchElementException: An element could not be located on the page using the given search parameters.
For documentation on this error, please visit: https://selenium.dev/exceptions/#no_such_element
Build info: version: '4.6.0', revision: '79f1c02ae20'
System info: os.name: 'Mac OS X', os.arch: 'x86_64', os.version: '13.0.1', java.version: '11.0.16.1'
Driver info: io.appium.java_client.android.AndroidDriver
Command: [231b68bd-8337-4c2b-865d-8c1386af1e54, findElement {using=xpath, value=//android.widget.TextView[@text='Proceed to Checkout']}]
Capabilities {appium:appActivity: gomechanic.retail.HomeActivity, appium:appPackage: gomechanic.retail, appium:autoGrantPermissions: true, appium:automationName: Appium, appium:connectHardwareKeyboard: true, appium:databaseEnabled: false, appium:desired: {appActivity: gomechanic.retail.HomeActivity, appPackage: gomechanic.retail, autoGrantPermissions: true, automationName: Appium, connectHardwareKeyboard: true, deviceName: Redmi 9A, newCommandTimeout: 3600, noReset: false, platformName: android, platformVersion: 10 QP1A.190711.020, udid: PV4HBUTG5XYXYPMN}, appium:deviceApiLevel: 29, appium:deviceManufacturer: Xiaomi, appium:deviceModel: M2006C3LI, appium:deviceName: PV4HBUTG5XYXYPMN, appium:deviceScreenDensity: 320, appium:deviceScreenSize: 720x1600, appium:deviceUDID: PV4HBUTG5XYXYPMN, appium:javascriptEnabled: true, appium:locationContextEnabled: false, appium:networkConnectionEnabled: true, appium:newCommandTimeout: 3600, appium:noReset: false, appium:pixelRatio: 2, appium:platformVersion: 10, appium:statBarHeight: 55, appium:takesScreenshot: true, appium:udid: PV4HBUTG5XYXYPMN, appium:viewportRect: {height: 1394, left: 0, top: 55, width: 720}, appium:warnings: {}, appium:webStorageEnabled: false, platformName: ANDROID}
Session ID: 231b68bd-8337-4c2b-865d-8c1386af1e54
at jdk.internal.reflect.GeneratedConstructorAccessor15.newInstance(Unknown Source)
at java.base/jdk.internal.reflect.DelegatingConstructorAccessorImpl.newInstance(DelegatingConstructorAccessorImpl.java:45)
at java.base/java.lang.reflect.Constructor.newInstance(Constructor.java:490)
at org.openqa.selenium.remote.codec.w3c.W3CHttpResponseCodec.createException(W3CHttpResponseCodec.java:200)
at org.openqa.selenium.remote.codec.w3c.W3CHttpResponseCodec.decode(W3CHttpResponseCodec.java:133)
at org.openqa.selenium.remote.codec.w3c.W3CHttpResponseCodec.decode(W3CHttpResponseCodec.java:53)
at org.openqa.selenium.remote.HttpCommandExecutor.execute(HttpCommandExecutor.java:184)
at io.appium.java_client.remote.AppiumCommandExecutor.execute(AppiumCommandExecutor.java:189)
at org.openqa.selenium.remote.RemoteWebDriver.execute(RemoteWebDriver.java:541)
at org.openqa.selenium.remote.ElementLocation$ElementFinder$2.findElement(ElementLocation.java:162)
at org.openqa.selenium.remote.ElementLocation.findElement(ElementLocation.java:60)
at org.openqa.selenium.remote.RemoteWebDriver.findElement(RemoteWebDriver.java:365)
at org.openqa.selenium.remote.RemoteWebDriver.findElement(RemoteWebDriver.java:357)
at pages.CheckoutWithWindshieldLightsService.checkout(CheckoutWithWindshieldLightsService.java:66)
at java.base/jdk.internal.reflect.NativeMethodAccessorImpl.invoke0(Native Method)
at java.base/jdk.internal.reflect.NativeMethodAccessorImpl.invoke(NativeMethodAccessorImpl.java:62)
at java.base/jdk.internal.reflect.DelegatingMethodAccessorImpl.invoke(DelegatingMethodAccessorImpl.java:43)
at java.base/java.lang.reflect.Method.invoke(Method.java:566)
at org.testng.internal.invokers.MethodInvocationHelper.invokeMethod(MethodInvocationHelper.java:139)
at org.testng.internal.invokers.TestInvoker.invokeMethod(TestInvoker.java:677)
at org.testng.internal.invokers.TestInvoker.retryFailed(TestInvoker.java:263)
at org.testng.internal.invokers.MethodRunner.runInSequence(MethodRunner.java:62)
at org.testng.internal.invokers.TestInvoker$MethodInvocationAgent.invoke(TestInvoker.java:962)
at org.testng.internal.invokers.TestInvoker.invokeTestMethods(TestInvoker.java:194)
at org.testng.internal.invokers.TestMethodWorker.invokeTestMethods(TestMethodWorker.java:148)
at org.testng.internal.invokers.TestMethodWorker.run(TestMethodWorker.java:128)
at java.base/java.util.ArrayList.forEach(ArrayList.java:1541)
at org.testng.TestRunner.privateRun(TestRunner.java:806)
at org.testng.TestRunner.run(TestRunner.java:601)
at org.testng.SuiteRunner.runTest(SuiteRunner.java:433)
at org.testng.SuiteRunner.runSequentially(SuiteRunner.java:427)
at org.testng.SuiteRunner.privateRun(SuiteRunner.java:387)
at org.testng.SuiteRunner.run(SuiteRunner.java:330)
at org.testng.SuiteRunnerWorker.runSuite(SuiteRunnerWorker.java:52)
at org.testng.SuiteRunnerWorker.run(SuiteRunnerWorker.java:95)
at org.testng.TestNG.runSuitesSequentially(TestNG.java:1256)
at org.testng.TestNG.runSuitesLocally(TestNG.java:1176)
at org.testng.TestNG.runSuites(TestNG.java:1099)
at org.testng.TestNG.run(TestNG.java:1067)
at org.testng.remote.AbstractRemoteTestNG.run(AbstractRemoteTestNG.java:115)
at org.testng.remote.RemoteTestNG.initAndRun(RemoteTestNG.java:251)
at org.testng.remote.RemoteTestNG.main(RemoteTestNG.java:77)
]]>
    </error>
  </testcase> <!-- checkout -->
  <system-out/>
  <testcase classname="pages.CheckoutWithWindshieldLightsService" name="checkout" time="0.488">
    <skipped/>
  </testcase> <!-- checkout -->
  <system-out/>
  <testcase classname="pages.CheckoutWithWindshieldLightsService" name="checkout" time="0.469">
    <skipped/>
  </testcase> <!-- checkout -->
  <system-out/>
  <testcase classname="pages.CheckoutWithWindshieldLightsService" name="checkout" time="0.489">
    <skipped/>
  </testcase> <!-- checkout -->
  <system-out/>
  <testcase classname="pages.CheckoutWithWindshieldLightsService" name="loginWithTrueCaller" time="5.450">
    <skipped/>
  </testcase> <!-- loginWithTrueCaller -->
  <system-out/>
  <testcase classname="pages.CheckoutWithWindshieldLightsService" name="loginWithTrueCaller" time="5.542">
    <skipped/>
  </testcase> <!-- loginWithTrueCaller -->
  <system-out/>
  <testcase classname="pages.CheckoutWithWindshieldLightsService" name="loginWithTrueCaller" time="5.567">
    <skipped/>
  </testcase> <!-- loginWithTrueCaller -->
  <system-out/>
  <testcase classname="pages.CheckoutWithWindshieldLightsService" name="loginWithTrueCaller" time="5.454">
    <error message="An element could not be located on the page using the given search parameters.
For documentation on this error, please visit: https://selenium.dev/exceptions/#no_such_element
Build info: version: &#039;4.6.0&#039;, revision: &#039;79f1c02ae20&#039;
System info: os.name: &#039;Mac OS X&#039;, os.arch: &#039;x86_64&#039;, os.version: &#039;13.0.1&#039;, java.version: &#039;11.0.16.1&#039;
Driver info: io.appium.java_client.android.AndroidDriver
Command: [231b68bd-8337-4c2b-865d-8c1386af1e54, findElement {using=xpath, value=//android.widget.TextView[@text=&#039;CONTINUE WITH 8800906221&#039;]}]
Capabilities {appium:appActivity: gomechanic.retail.HomeActivity, appium:appPackage: gomechanic.retail, appium:autoGrantPermissions: true, appium:automationName: Appium, appium:connectHardwareKeyboard: true, appium:databaseEnabled: false, appium:desired: {appActivity: gomechanic.retail.HomeActivity, appPackage: gomechanic.retail, autoGrantPermissions: true, automationName: Appium, connectHardwareKeyboard: true, deviceName: Redmi 9A, newCommandTimeout: 3600, noReset: false, platformName: android, platformVersion: 10 QP1A.190711.020, udid: PV4HBUTG5XYXYPMN}, appium:deviceApiLevel: 29, appium:deviceManufacturer: Xiaomi, appium:deviceModel: M2006C3LI, appium:deviceName: PV4HBUTG5XYXYPMN, appium:deviceScreenDensity: 320, appium:deviceScreenSize: 720x1600, appium:deviceUDID: PV4HBUTG5XYXYPMN, appium:javascriptEnabled: true, appium:locationContextEnabled: false, appium:networkConnectionEnabled: true, appium:newCommandTimeout: 3600, appium:noReset: false, appium:pixelRatio: 2, appium:platformVersion: 10, appium:statBarHeight: 55, appium:takesScreenshot: true, appium:udid: PV4HBUTG5XYXYPMN, appium:viewportRect: {height: 1394, left: 0, top: 55, width: 720}, appium:warnings: {}, appium:webStorageEnabled: false, platformName: ANDROID}
Session ID: 231b68bd-8337-4c2b-865d-8c1386af1e54" type="org.openqa.selenium.NoSuchElementException">
      <![CDATA[org.openqa.selenium.NoSuchElementException: An element could not be located on the page using the given search parameters.
For documentation on this error, please visit: https://selenium.dev/exceptions/#no_such_element
Build info: version: '4.6.0', revision: '79f1c02ae20'
System info: os.name: 'Mac OS X', os.arch: 'x86_64', os.version: '13.0.1', java.version: '11.0.16.1'
Driver info: io.appium.java_client.android.AndroidDriver
Command: [231b68bd-8337-4c2b-865d-8c1386af1e54, findElement {using=xpath, value=//android.widget.TextView[@text='CONTINUE WITH 8800906221']}]
Capabilities {appium:appActivity: gomechanic.retail.HomeActivity, appium:appPackage: gomechanic.retail, appium:autoGrantPermissions: true, appium:automationName: Appium, appium:connectHardwareKeyboard: true, appium:databaseEnabled: false, appium:desired: {appActivity: gomechanic.retail.HomeActivity, appPackage: gomechanic.retail, autoGrantPermissions: true, automationName: Appium, connectHardwareKeyboard: true, deviceName: Redmi 9A, newCommandTimeout: 3600, noReset: false, platformName: android, platformVersion: 10 QP1A.190711.020, udid: PV4HBUTG5XYXYPMN}, appium:deviceApiLevel: 29, appium:deviceManufacturer: Xiaomi, appium:deviceModel: M2006C3LI, appium:deviceName: PV4HBUTG5XYXYPMN, appium:deviceScreenDensity: 320, appium:deviceScreenSize: 720x1600, appium:deviceUDID: PV4HBUTG5XYXYPMN, appium:javascriptEnabled: true, appium:locationContextEnabled: false, appium:networkConnectionEnabled: true, appium:newCommandTimeout: 3600, appium:noReset: false, appium:pixelRatio: 2, appium:platformVersion: 10, appium:statBarHeight: 55, appium:takesScreenshot: true, appium:udid: PV4HBUTG5XYXYPMN, appium:viewportRect: {height: 1394, left: 0, top: 55, width: 720}, appium:warnings: {}, appium:webStorageEnabled: false, platformName: ANDROID}
Session ID: 231b68bd-8337-4c2b-865d-8c1386af1e54
at jdk.internal.reflect.GeneratedConstructorAccessor15.newInstance(Unknown Source)
at java.base/jdk.internal.reflect.DelegatingConstructorAccessorImpl.newInstance(DelegatingConstructorAccessorImpl.java:45)
at java.base/java.lang.reflect.Constructor.newInstance(Constructor.java:490)
at org.openqa.selenium.remote.codec.w3c.W3CHttpResponseCodec.createException(W3CHttpResponseCodec.java:200)
at org.openqa.selenium.remote.codec.w3c.W3CHttpResponseCodec.decode(W3CHttpResponseCodec.java:133)
at org.openqa.selenium.remote.codec.w3c.W3CHttpResponseCodec.decode(W3CHttpResponseCodec.java:53)
at org.openqa.selenium.remote.HttpCommandExecutor.execute(HttpCommandExecutor.java:184)
at io.appium.java_client.remote.AppiumCommandExecutor.execute(AppiumCommandExecutor.java:189)
at org.openqa.selenium.remote.RemoteWebDriver.execute(RemoteWebDriver.java:541)
at org.openqa.selenium.remote.ElementLocation$ElementFinder$2.findElement(ElementLocation.java:162)
at org.openqa.selenium.remote.ElementLocation.findElement(ElementLocation.java:60)
at org.openqa.selenium.remote.RemoteWebDriver.findElement(RemoteWebDriver.java:365)
at org.openqa.selenium.remote.RemoteWebDriver.findElement(RemoteWebDriver.java:357)
at pages.CheckoutWithWindshieldLightsService.loginWithTrueCaller(CheckoutWithWindshieldLightsService.java:81)
at java.base/jdk.internal.reflect.NativeMethodAccessorImpl.invoke0(Native Method)
at java.base/jdk.internal.reflect.NativeMethodAccessorImpl.invoke(NativeMethodAccessorImpl.java:62)
at java.base/jdk.internal.reflect.DelegatingMethodAccessorImpl.invoke(DelegatingMethodAccessorImpl.java:43)
at java.base/java.lang.reflect.Method.invoke(Method.java:566)
at org.testng.internal.invokers.MethodInvocationHelper.invokeMethod(MethodInvocationHelper.java:139)
at org.testng.internal.invokers.TestInvoker.invokeMethod(TestInvoker.java:677)
at org.testng.internal.invokers.TestInvoker.retryFailed(TestInvoker.java:263)
at org.testng.internal.invokers.MethodRunner.runInSequence(MethodRunner.java:62)
at org.testng.internal.invokers.TestInvoker$MethodInvocationAgent.invoke(TestInvoker.java:962)
at org.testng.internal.invokers.TestInvoker.invokeTestMethods(TestInvoker.java:194)
at org.testng.internal.invokers.TestMethodWorker.invokeTestMethods(TestMethodWorker.java:148)
at org.testng.internal.invokers.TestMethodWorker.run(TestMethodWorker.java:128)
at java.base/java.util.ArrayList.forEach(ArrayList.java:1541)
at org.testng.TestRunner.privateRun(TestRunner.java:806)
at org.testng.TestRunner.run(TestRunner.java:601)
at org.testng.SuiteRunner.runTest(SuiteRunner.java:433)
at org.testng.SuiteRunner.runSequentially(SuiteRunner.java:427)
at org.testng.SuiteRunner.privateRun(SuiteRunner.java:387)
at org.testng.SuiteRunner.run(SuiteRunner.java:330)
at org.testng.SuiteRunnerWorker.runSuite(SuiteRunnerWorker.java:52)
at org.testng.SuiteRunnerWorker.run(SuiteRunnerWorker.java:95)
at org.testng.TestNG.runSuitesSequentially(TestNG.java:1256)
at org.testng.TestNG.runSuitesLocally(TestNG.java:1176)
at org.testng.TestNG.runSuites(TestNG.java:1099)
at org.testng.TestNG.run(TestNG.java:1067)
at org.testng.remote.AbstractRemoteTestNG.run(AbstractRemoteTestNG.java:115)
at org.testng.remote.RemoteTestNG.initAndRun(RemoteTestNG.java:251)
at org.testng.remote.RemoteTestNG.main(RemoteTestNG.java:77)
]]>
    </error>
  </testcase> <!-- loginWithTrueCaller -->
  <system-out/>
  <testcase classname="pages.CheckoutWithWindshieldLightsService" name="loginWithTrueCaller" time="5.464">
    <skipped/>
  </testcase> <!-- loginWithTrueCaller -->
  <system-out/>
  <testcase classname="pages.CheckoutWithWindshieldLightsService" name="verifyItemTotal" time="0.328">
    <skipped/>
  </testcase> <!-- verifyItemTotal -->
  <system-out/>
  <testcase classname="pages.CheckoutWithWindshieldLightsService" name="verifyItemTotal" time="0.262">
    <skipped/>
  </testcase> <!-- verifyItemTotal -->
  <system-out/>
  <testcase classname="pages.CheckoutWithWindshieldLightsService" name="verifyItemTotal" time="0.287">
    <skipped/>
  </testcase> <!-- verifyItemTotal -->
  <system-out/>
  <testcase classname="pages.CheckoutWithWindshieldLightsService" name="verifyItemTotal" time="0.282">
    <error message="An element could not be located on the page using the given search parameters.
For documentation on this error, please visit: https://selenium.dev/exceptions/#no_such_element
Build info: version: &#039;4.6.0&#039;, revision: &#039;79f1c02ae20&#039;
System info: os.name: &#039;Mac OS X&#039;, os.arch: &#039;x86_64&#039;, os.version: &#039;13.0.1&#039;, java.version: &#039;11.0.16.1&#039;
Driver info: io.appium.java_client.android.AndroidDriver
Command: [231b68bd-8337-4c2b-865d-8c1386af1e54, findElement {using=id, value=gomechanic.retail:id/tvTotalCartAmountCF}]
Capabilities {appium:appActivity: gomechanic.retail.HomeActivity, appium:appPackage: gomechanic.retail, appium:autoGrantPermissions: true, appium:automationName: Appium, appium:connectHardwareKeyboard: true, appium:databaseEnabled: false, appium:desired: {appActivity: gomechanic.retail.HomeActivity, appPackage: gomechanic.retail, autoGrantPermissions: true, automationName: Appium, connectHardwareKeyboard: true, deviceName: Redmi 9A, newCommandTimeout: 3600, noReset: false, platformName: android, platformVersion: 10 QP1A.190711.020, udid: PV4HBUTG5XYXYPMN}, appium:deviceApiLevel: 29, appium:deviceManufacturer: Xiaomi, appium:deviceModel: M2006C3LI, appium:deviceName: PV4HBUTG5XYXYPMN, appium:deviceScreenDensity: 320, appium:deviceScreenSize: 720x1600, appium:deviceUDID: PV4HBUTG5XYXYPMN, appium:javascriptEnabled: true, appium:locationContextEnabled: false, appium:networkConnectionEnabled: true, appium:newCommandTimeout: 3600, appium:noReset: false, appium:pixelRatio: 2, appium:platformVersion: 10, appium:statBarHeight: 55, appium:takesScreenshot: true, appium:udid: PV4HBUTG5XYXYPMN, appium:viewportRect: {height: 1394, left: 0, top: 55, width: 720}, appium:warnings: {}, appium:webStorageEnabled: false, platformName: ANDROID}
Session ID: 231b68bd-8337-4c2b-865d-8c1386af1e54" type="org.openqa.selenium.NoSuchElementException">
      <![CDATA[org.openqa.selenium.NoSuchElementException: An element could not be located on the page using the given search parameters.
For documentation on this error, please visit: https://selenium.dev/exceptions/#no_such_element
Build info: version: '4.6.0', revision: '79f1c02ae20'
System info: os.name: 'Mac OS X', os.arch: 'x86_64', os.version: '13.0.1', java.version: '11.0.16.1'
Driver info: io.appium.java_client.android.AndroidDriver
Command: [231b68bd-8337-4c2b-865d-8c1386af1e54, findElement {using=id, value=gomechanic.retail:id/tvTotalCartAmountCF}]
Capabilities {appium:appActivity: gomechanic.retail.HomeActivity, appium:appPackage: gomechanic.retail, appium:autoGrantPermissions: true, appium:automationName: Appium, appium:connectHardwareKeyboard: true, appium:databaseEnabled: false, appium:desired: {appActivity: gomechanic.retail.HomeActivity, appPackage: gomechanic.retail, autoGrantPermissions: true, automationName: Appium, connectHardwareKeyboard: true, deviceName: Redmi 9A, newCommandTimeout: 3600, noReset: false, platformName: android, platformVersion: 10 QP1A.190711.020, udid: PV4HBUTG5XYXYPMN}, appium:deviceApiLevel: 29, appium:deviceManufacturer: Xiaomi, appium:deviceModel: M2006C3LI, appium:deviceName: PV4HBUTG5XYXYPMN, appium:deviceScreenDensity: 320, appium:deviceScreenSize: 720x1600, appium:deviceUDID: PV4HBUTG5XYXYPMN, appium:javascriptEnabled: true, appium:locationContextEnabled: false, appium:networkConnectionEnabled: true, appium:newCommandTimeout: 3600, appium:noReset: false, appium:pixelRatio: 2, appium:platformVersion: 10, appium:statBarHeight: 55, appium:takesScreenshot: true, appium:udid: PV4HBUTG5XYXYPMN, appium:viewportRect: {height: 1394, left: 0, top: 55, width: 720}, appium:warnings: {}, appium:webStorageEnabled: false, platformName: ANDROID}
Session ID: 231b68bd-8337-4c2b-865d-8c1386af1e54
at jdk.internal.reflect.GeneratedConstructorAccessor15.newInstance(Unknown Source)
at java.base/jdk.internal.reflect.DelegatingConstructorAccessorImpl.newInstance(DelegatingConstructorAccessorImpl.java:45)
at java.base/java.lang.reflect.Constructor.newInstance(Constructor.java:490)
at org.openqa.selenium.remote.codec.w3c.W3CHttpResponseCodec.createException(W3CHttpResponseCodec.java:200)
at org.openqa.selenium.remote.codec.w3c.W3CHttpResponseCodec.decode(W3CHttpResponseCodec.java:133)
at org.openqa.selenium.remote.codec.w3c.W3CHttpResponseCodec.decode(W3CHttpResponseCodec.java:53)
at org.openqa.selenium.remote.HttpCommandExecutor.execute(HttpCommandExecutor.java:184)
at io.appium.java_client.remote.AppiumCommandExecutor.execute(AppiumCommandExecutor.java:189)
at org.openqa.selenium.remote.RemoteWebDriver.execute(RemoteWebDriver.java:541)
at org.openqa.selenium.remote.ElementLocation$ElementFinder$2.findElement(ElementLocation.java:162)
at org.openqa.selenium.remote.ElementLocation.findElement(ElementLocation.java:60)
at org.openqa.selenium.remote.RemoteWebDriver.findElement(RemoteWebDriver.java:365)
at org.openqa.selenium.remote.RemoteWebDriver.findElement(RemoteWebDriver.java:357)
at pages.CheckoutWithWindshieldLightsService.verifyItemTotal(CheckoutWithWindshieldLightsService.java:94)
at java.base/jdk.internal.reflect.NativeMethodAccessorImpl.invoke0(Native Method)
at java.base/jdk.internal.reflect.NativeMethodAccessorImpl.invoke(NativeMethodAccessorImpl.java:62)
at java.base/jdk.internal.reflect.DelegatingMethodAccessorImpl.invoke(DelegatingMethodAccessorImpl.java:43)
at java.base/java.lang.reflect.Method.invoke(Method.java:566)
at org.testng.internal.invokers.MethodInvocationHelper.invokeMethod(MethodInvocationHelper.java:139)
at org.testng.internal.invokers.TestInvoker.invokeMethod(TestInvoker.java:677)
at org.testng.internal.invokers.TestInvoker.retryFailed(TestInvoker.java:263)
at org.testng.internal.invokers.MethodRunner.runInSequence(MethodRunner.java:62)
at org.testng.internal.invokers.TestInvoker$MethodInvocationAgent.invoke(TestInvoker.java:962)
at org.testng.internal.invokers.TestInvoker.invokeTestMethods(TestInvoker.java:194)
at org.testng.internal.invokers.TestMethodWorker.invokeTestMethods(TestMethodWorker.java:148)
at org.testng.internal.invokers.TestMethodWorker.run(TestMethodWorker.java:128)
at java.base/java.util.ArrayList.forEach(ArrayList.java:1541)
at org.testng.TestRunner.privateRun(TestRunner.java:806)
at org.testng.TestRunner.run(TestRunner.java:601)
at org.testng.SuiteRunner.runTest(SuiteRunner.java:433)
at org.testng.SuiteRunner.runSequentially(SuiteRunner.java:427)
at org.testng.SuiteRunner.privateRun(SuiteRunner.java:387)
at org.testng.SuiteRunner.run(SuiteRunner.java:330)
at org.testng.SuiteRunnerWorker.runSuite(SuiteRunnerWorker.java:52)
at org.testng.SuiteRunnerWorker.run(SuiteRunnerWorker.java:95)
at org.testng.TestNG.runSuitesSequentially(TestNG.java:1256)
at org.testng.TestNG.runSuitesLocally(TestNG.java:1176)
at org.testng.TestNG.runSuites(TestNG.java:1099)
at org.testng.TestNG.run(TestNG.java:1067)
at org.testng.remote.AbstractRemoteTestNG.run(AbstractRemoteTestNG.java:115)
at org.testng.remote.RemoteTestNG.initAndRun(RemoteTestNG.java:251)
at org.testng.remote.RemoteTestNG.main(RemoteTestNG.java:77)
]]>
    </error>
  </testcase> <!-- verifyItemTotal -->
  <system-out/>
  <testcase classname="pages.CheckoutWithWindshieldLightsService" name="verifyItemTotal" time="0.352">
    <skipped/>
  </testcase> <!-- verifyItemTotal -->
  <system-out/>
  <testcase classname="pages.CheckoutWithWindshieldLightsService" name="checkoutButton" time="0.418">
    <skipped/>
  </testcase> <!-- checkoutButton -->
  <system-out/>
  <testcase classname="pages.CheckoutWithWindshieldLightsService" name="checkoutButton" time="0.385">
    <skipped/>
  </testcase> <!-- checkoutButton -->
  <system-out/>
  <testcase classname="pages.CheckoutWithWindshieldLightsService" name="checkoutButton" time="0.437">
    <skipped/>
  </testcase> <!-- checkoutButton -->
  <system-out/>
  <testcase classname="pages.CheckoutWithWindshieldLightsService" name="checkoutButton" time="0.408">
    <skipped/>
  </testcase> <!-- checkoutButton -->
  <system-out/>
  <testcase classname="pages.CheckoutWithWindshieldLightsService" name="checkoutButton" time="0.416">
    <error message="An element could not be located on the page using the given search parameters.
For documentation on this error, please visit: https://selenium.dev/exceptions/#no_such_element
Build info: version: &#039;4.6.0&#039;, revision: &#039;79f1c02ae20&#039;
System info: os.name: &#039;Mac OS X&#039;, os.arch: &#039;x86_64&#039;, os.version: &#039;13.0.1&#039;, java.version: &#039;11.0.16.1&#039;
Driver info: io.appium.java_client.android.AndroidDriver
Command: [231b68bd-8337-4c2b-865d-8c1386af1e54, findElement {using=xpath, value=//android.widget.TextView[@text=&#039;CHECKOUT&#039;]}]
Capabilities {appium:appActivity: gomechanic.retail.HomeActivity, appium:appPackage: gomechanic.retail, appium:autoGrantPermissions: true, appium:automationName: Appium, appium:connectHardwareKeyboard: true, appium:databaseEnabled: false, appium:desired: {appActivity: gomechanic.retail.HomeActivity, appPackage: gomechanic.retail, autoGrantPermissions: true, automationName: Appium, connectHardwareKeyboard: true, deviceName: Redmi 9A, newCommandTimeout: 3600, noReset: false, platformName: android, platformVersion: 10 QP1A.190711.020, udid: PV4HBUTG5XYXYPMN}, appium:deviceApiLevel: 29, appium:deviceManufacturer: Xiaomi, appium:deviceModel: M2006C3LI, appium:deviceName: PV4HBUTG5XYXYPMN, appium:deviceScreenDensity: 320, appium:deviceScreenSize: 720x1600, appium:deviceUDID: PV4HBUTG5XYXYPMN, appium:javascriptEnabled: true, appium:locationContextEnabled: false, appium:networkConnectionEnabled: true, appium:newCommandTimeout: 3600, appium:noReset: false, appium:pixelRatio: 2, appium:platformVersion: 10, appium:statBarHeight: 55, appium:takesScreenshot: true, appium:udid: PV4HBUTG5XYXYPMN, appium:viewportRect: {height: 1394, left: 0, top: 55, width: 720}, appium:warnings: {}, appium:webStorageEnabled: false, platformName: ANDROID}
Session ID: 231b68bd-8337-4c2b-865d-8c1386af1e54" type="org.openqa.selenium.NoSuchElementException">
      <![CDATA[org.openqa.selenium.NoSuchElementException: An element could not be located on the page using the given search parameters.
For documentation on this error, please visit: https://selenium.dev/exceptions/#no_such_element
Build info: version: '4.6.0', revision: '79f1c02ae20'
System info: os.name: 'Mac OS X', os.arch: 'x86_64', os.version: '13.0.1', java.version: '11.0.16.1'
Driver info: io.appium.java_client.android.AndroidDriver
Command: [231b68bd-8337-4c2b-865d-8c1386af1e54, findElement {using=xpath, value=//android.widget.TextView[@text='CHECKOUT']}]
Capabilities {appium:appActivity: gomechanic.retail.HomeActivity, appium:appPackage: gomechanic.retail, appium:autoGrantPermissions: true, appium:automationName: Appium, appium:connectHardwareKeyboard: true, appium:databaseEnabled: false, appium:desired: {appActivity: gomechanic.retail.HomeActivity, appPackage: gomechanic.retail, autoGrantPermissions: true, automationName: Appium, connectHardwareKeyboard: true, deviceName: Redmi 9A, newCommandTimeout: 3600, noReset: false, platformName: android, platformVersion: 10 QP1A.190711.020, udid: PV4HBUTG5XYXYPMN}, appium:deviceApiLevel: 29, appium:deviceManufacturer: Xiaomi, appium:deviceModel: M2006C3LI, appium:deviceName: PV4HBUTG5XYXYPMN, appium:deviceScreenDensity: 320, appium:deviceScreenSize: 720x1600, appium:deviceUDID: PV4HBUTG5XYXYPMN, appium:javascriptEnabled: true, appium:locationContextEnabled: false, appium:networkConnectionEnabled: true, appium:newCommandTimeout: 3600, appium:noReset: false, appium:pixelRatio: 2, appium:platformVersion: 10, appium:statBarHeight: 55, appium:takesScreenshot: true, appium:udid: PV4HBUTG5XYXYPMN, appium:viewportRect: {height: 1394, left: 0, top: 55, width: 720}, appium:warnings: {}, appium:webStorageEnabled: false, platformName: ANDROID}
Session ID: 231b68bd-8337-4c2b-865d-8c1386af1e54
at jdk.internal.reflect.GeneratedConstructorAccessor15.newInstance(Unknown Source)
at java.base/jdk.internal.reflect.DelegatingConstructorAccessorImpl.newInstance(DelegatingConstructorAccessorImpl.java:45)
at java.base/java.lang.reflect.Constructor.newInstance(Constructor.java:490)
at org.openqa.selenium.remote.codec.w3c.W3CHttpResponseCodec.createException(W3CHttpResponseCodec.java:200)
at org.openqa.selenium.remote.codec.w3c.W3CHttpResponseCodec.decode(W3CHttpResponseCodec.java:133)
at org.openqa.selenium.remote.codec.w3c.W3CHttpResponseCodec.decode(W3CHttpResponseCodec.java:53)
at org.openqa.selenium.remote.HttpCommandExecutor.execute(HttpCommandExecutor.java:184)
at io.appium.java_client.remote.AppiumCommandExecutor.execute(AppiumCommandExecutor.java:189)
at org.openqa.selenium.remote.RemoteWebDriver.execute(RemoteWebDriver.java:541)
at org.openqa.selenium.remote.ElementLocation$ElementFinder$2.findElement(ElementLocation.java:162)
at org.openqa.selenium.remote.ElementLocation.findElement(ElementLocation.java:60)
at org.openqa.selenium.remote.RemoteWebDriver.findElement(RemoteWebDriver.java:365)
at org.openqa.selenium.remote.RemoteWebDriver.findElement(RemoteWebDriver.java:357)
at pages.CheckoutWithWindshieldLightsService.checkoutButton(CheckoutWithWindshieldLightsService.java:141)
at java.base/jdk.internal.reflect.NativeMethodAccessorImpl.invoke0(Native Method)
at java.base/jdk.internal.reflect.NativeMethodAccessorImpl.invoke(NativeMethodAccessorImpl.java:62)
at java.base/jdk.internal.reflect.DelegatingMethodAccessorImpl.invoke(DelegatingMethodAccessorImpl.java:43)
at java.base/java.lang.reflect.Method.invoke(Method.java:566)
at org.testng.internal.invokers.MethodInvocationHelper.invokeMethod(MethodInvocationHelper.java:139)
at org.testng.internal.invokers.TestInvoker.invokeMethod(TestInvoker.java:677)
at org.testng.internal.invokers.TestInvoker.retryFailed(TestInvoker.java:263)
at org.testng.internal.invokers.MethodRunner.runInSequence(MethodRunner.java:62)
at org.testng.internal.invokers.TestInvoker$MethodInvocationAgent.invoke(TestInvoker.java:962)
at org.testng.internal.invokers.TestInvoker.invokeTestMethods(TestInvoker.java:194)
at org.testng.internal.invokers.TestMethodWorker.invokeTestMethods(TestMethodWorker.java:148)
at org.testng.internal.invokers.TestMethodWorker.run(TestMethodWorker.java:128)
at java.base/java.util.ArrayList.forEach(ArrayList.java:1541)
at org.testng.TestRunner.privateRun(TestRunner.java:806)
at org.testng.TestRunner.run(TestRunner.java:601)
at org.testng.SuiteRunner.runTest(SuiteRunner.java:433)
at org.testng.SuiteRunner.runSequentially(SuiteRunner.java:427)
at org.testng.SuiteRunner.privateRun(SuiteRunner.java:387)
at org.testng.SuiteRunner.run(SuiteRunner.java:330)
at org.testng.SuiteRunnerWorker.runSuite(SuiteRunnerWorker.java:52)
at org.testng.SuiteRunnerWorker.run(SuiteRunnerWorker.java:95)
at org.testng.TestNG.runSuitesSequentially(TestNG.java:1256)
at org.testng.TestNG.runSuitesLocally(TestNG.java:1176)
at org.testng.TestNG.runSuites(TestNG.java:1099)
at org.testng.TestNG.run(TestNG.java:1067)
at org.testng.remote.AbstractRemoteTestNG.run(AbstractRemoteTestNG.java:115)
at org.testng.remote.RemoteTestNG.initAndRun(RemoteTestNG.java:251)
at org.testng.remote.RemoteTestNG.main(RemoteTestNG.java:77)
]]>
    </error>
  </testcase> <!-- checkoutButton -->
  <system-out/>
  <testcase classname="pages.CheckoutWithWindshieldLightsService" name="selectDateTime" time="0.382">
    <skipped/>
  </testcase> <!-- selectDateTime -->
  <system-out/>
  <testcase classname="pages.CheckoutWithWindshieldLightsService" name="selectDateTime" time="0.378">
    <skipped/>
  </testcase> <!-- selectDateTime -->
  <system-out/>
  <testcase classname="pages.CheckoutWithWindshieldLightsService" name="selectDateTime" time="0.401">
    <error message="An element could not be located on the page using the given search parameters.
For documentation on this error, please visit: https://selenium.dev/exceptions/#no_such_element
Build info: version: &#039;4.6.0&#039;, revision: &#039;79f1c02ae20&#039;
System info: os.name: &#039;Mac OS X&#039;, os.arch: &#039;x86_64&#039;, os.version: &#039;13.0.1&#039;, java.version: &#039;11.0.16.1&#039;
Driver info: io.appium.java_client.android.AndroidDriver
Command: [231b68bd-8337-4c2b-865d-8c1386af1e54, findElement {using=xpath, value=//android.widget.TextView[@text=&#039;CHECKOUT&#039;]}]
Capabilities {appium:appActivity: gomechanic.retail.HomeActivity, appium:appPackage: gomechanic.retail, appium:autoGrantPermissions: true, appium:automationName: Appium, appium:connectHardwareKeyboard: true, appium:databaseEnabled: false, appium:desired: {appActivity: gomechanic.retail.HomeActivity, appPackage: gomechanic.retail, autoGrantPermissions: true, automationName: Appium, connectHardwareKeyboard: true, deviceName: Redmi 9A, newCommandTimeout: 3600, noReset: false, platformName: android, platformVersion: 10 QP1A.190711.020, udid: PV4HBUTG5XYXYPMN}, appium:deviceApiLevel: 29, appium:deviceManufacturer: Xiaomi, appium:deviceModel: M2006C3LI, appium:deviceName: PV4HBUTG5XYXYPMN, appium:deviceScreenDensity: 320, appium:deviceScreenSize: 720x1600, appium:deviceUDID: PV4HBUTG5XYXYPMN, appium:javascriptEnabled: true, appium:locationContextEnabled: false, appium:networkConnectionEnabled: true, appium:newCommandTimeout: 3600, appium:noReset: false, appium:pixelRatio: 2, appium:platformVersion: 10, appium:statBarHeight: 55, appium:takesScreenshot: true, appium:udid: PV4HBUTG5XYXYPMN, appium:viewportRect: {height: 1394, left: 0, top: 55, width: 720}, appium:warnings: {}, appium:webStorageEnabled: false, platformName: ANDROID}
Session ID: 231b68bd-8337-4c2b-865d-8c1386af1e54" type="org.openqa.selenium.NoSuchElementException">
      <![CDATA[org.openqa.selenium.NoSuchElementException: An element could not be located on the page using the given search parameters.
For documentation on this error, please visit: https://selenium.dev/exceptions/#no_such_element
Build info: version: '4.6.0', revision: '79f1c02ae20'
System info: os.name: 'Mac OS X', os.arch: 'x86_64', os.version: '13.0.1', java.version: '11.0.16.1'
Driver info: io.appium.java_client.android.AndroidDriver
Command: [231b68bd-8337-4c2b-865d-8c1386af1e54, findElement {using=xpath, value=//android.widget.TextView[@text='CHECKOUT']}]
Capabilities {appium:appActivity: gomechanic.retail.HomeActivity, appium:appPackage: gomechanic.retail, appium:autoGrantPermissions: true, appium:automationName: Appium, appium:connectHardwareKeyboard: true, appium:databaseEnabled: false, appium:desired: {appActivity: gomechanic.retail.HomeActivity, appPackage: gomechanic.retail, autoGrantPermissions: true, automationName: Appium, connectHardwareKeyboard: true, deviceName: Redmi 9A, newCommandTimeout: 3600, noReset: false, platformName: android, platformVersion: 10 QP1A.190711.020, udid: PV4HBUTG5XYXYPMN}, appium:deviceApiLevel: 29, appium:deviceManufacturer: Xiaomi, appium:deviceModel: M2006C3LI, appium:deviceName: PV4HBUTG5XYXYPMN, appium:deviceScreenDensity: 320, appium:deviceScreenSize: 720x1600, appium:deviceUDID: PV4HBUTG5XYXYPMN, appium:javascriptEnabled: true, appium:locationContextEnabled: false, appium:networkConnectionEnabled: true, appium:newCommandTimeout: 3600, appium:noReset: false, appium:pixelRatio: 2, appium:platformVersion: 10, appium:statBarHeight: 55, appium:takesScreenshot: true, appium:udid: PV4HBUTG5XYXYPMN, appium:viewportRect: {height: 1394, left: 0, top: 55, width: 720}, appium:warnings: {}, appium:webStorageEnabled: false, platformName: ANDROID}
Session ID: 231b68bd-8337-4c2b-865d-8c1386af1e54
at jdk.internal.reflect.GeneratedConstructorAccessor15.newInstance(Unknown Source)
at java.base/jdk.internal.reflect.DelegatingConstructorAccessorImpl.newInstance(DelegatingConstructorAccessorImpl.java:45)
at java.base/java.lang.reflect.Constructor.newInstance(Constructor.java:490)
at org.openqa.selenium.remote.codec.w3c.W3CHttpResponseCodec.createException(W3CHttpResponseCodec.java:200)
at org.openqa.selenium.remote.codec.w3c.W3CHttpResponseCodec.decode(W3CHttpResponseCodec.java:133)
at org.openqa.selenium.remote.codec.w3c.W3CHttpResponseCodec.decode(W3CHttpResponseCodec.java:53)
at org.openqa.selenium.remote.HttpCommandExecutor.execute(HttpCommandExecutor.java:184)
at io.appium.java_client.remote.AppiumCommandExecutor.execute(AppiumCommandExecutor.java:189)
at org.openqa.selenium.remote.RemoteWebDriver.execute(RemoteWebDriver.java:541)
at org.openqa.selenium.remote.ElementLocation$ElementFinder$2.findElement(ElementLocation.java:162)
at org.openqa.selenium.remote.ElementLocation.findElement(ElementLocation.java:60)
at org.openqa.selenium.remote.RemoteWebDriver.findElement(RemoteWebDriver.java:365)
at org.openqa.selenium.remote.RemoteWebDriver.findElement(RemoteWebDriver.java:357)
at pages.CheckoutWithWindshieldLightsService.selectDateTime(CheckoutWithWindshieldLightsService.java:149)
at java.base/jdk.internal.reflect.NativeMethodAccessorImpl.invoke0(Native Method)
at java.base/jdk.internal.reflect.NativeMethodAccessorImpl.invoke(NativeMethodAccessorImpl.java:62)
at java.base/jdk.internal.reflect.DelegatingMethodAccessorImpl.invoke(DelegatingMethodAccessorImpl.java:43)
at java.base/java.lang.reflect.Method.invoke(Method.java:566)
at org.testng.internal.invokers.MethodInvocationHelper.invokeMethod(MethodInvocationHelper.java:139)
at org.testng.internal.invokers.TestInvoker.invokeMethod(TestInvoker.java:677)
at org.testng.internal.invokers.TestInvoker.retryFailed(TestInvoker.java:263)
at org.testng.internal.invokers.MethodRunner.runInSequence(MethodRunner.java:62)
at org.testng.internal.invokers.TestInvoker$MethodInvocationAgent.invoke(TestInvoker.java:962)
at org.testng.internal.invokers.TestInvoker.invokeTestMethods(TestInvoker.java:194)
at org.testng.internal.invokers.TestMethodWorker.invokeTestMethods(TestMethodWorker.java:148)
at org.testng.internal.invokers.TestMethodWorker.run(TestMethodWorker.java:128)
at java.base/java.util.ArrayList.forEach(ArrayList.java:1541)
at org.testng.TestRunner.privateRun(TestRunner.java:806)
at org.testng.TestRunner.run(TestRunner.java:601)
at org.testng.SuiteRunner.runTest(SuiteRunner.java:433)
at org.testng.SuiteRunner.runSequentially(SuiteRunner.java:427)
at org.testng.SuiteRunner.privateRun(SuiteRunner.java:387)
at org.testng.SuiteRunner.run(SuiteRunner.java:330)
at org.testng.SuiteRunnerWorker.runSuite(SuiteRunnerWorker.java:52)
at org.testng.SuiteRunnerWorker.run(SuiteRunnerWorker.java:95)
at org.testng.TestNG.runSuitesSequentially(TestNG.java:1256)
at org.testng.TestNG.runSuitesLocally(TestNG.java:1176)
at org.testng.TestNG.runSuites(TestNG.java:1099)
at org.testng.TestNG.run(TestNG.java:1067)
at org.testng.remote.AbstractRemoteTestNG.run(AbstractRemoteTestNG.java:115)
at org.testng.remote.RemoteTestNG.initAndRun(RemoteTestNG.java:251)
at org.testng.remote.RemoteTestNG.main(RemoteTestNG.java:77)
]]>
    </error>
  </testcase> <!-- selectDateTime -->
  <system-out/>
  <testcase classname="pages.CheckoutWithWindshieldLightsService" name="selectDateTime" time="0.401">
    <skipped/>
  </testcase> <!-- selectDateTime -->
  <system-out/>
  <testcase classname="pages.CheckoutWithWindshieldLightsService" name="selectDateTime" time="0.392">
    <skipped/>
  </testcase> <!-- selectDateTime -->
  <system-out/>
</testsuite> <!-- pages.CheckoutWithWindshieldLightsService -->
