<?xml version="1.0" encoding="UTF-8"?>
<!-- Generated by org.testng.reporters.JUnitReportReporter -->
<testsuite hostname="Admins-MacBook-Pro.local" failures="0" tests="8" name="pages.CheckoutWithTyre" time="86.013" errors="0" timestamp="2022-11-30T15:34:08 IST" skipped="0">
  <testcase classname="pages.CheckoutWithTyre" name="sampleTest" time="0.006"/>
  <system-out/>
  <testcase classname="pages.CheckoutWithTyre" name="addAcService" time="34.280"/>
  <system-out>
    <![CDATA[Veirfy Address is current address]]>
  </system-out>
  <testcase classname="pages.CheckoutWithTyre" name="checkoutwithoutaddon" time="8.585"/>
  <system-out/>
  <testcase classname="pages.CheckoutWithTyre" name="checkout" time="1.807"/>
  <system-out/>
  <testcase classname="pages.CheckoutWithTyre" name="loginWithTrueCaller" time="10.289"/>
  <system-out/>
  <testcase classname="pages.CheckoutWithTyre" name="verifyItemTotal" time="13.370"/>
  <system-out/>
  <testcase classname="pages.CheckoutWithTyre" name="checkoutButton" time="1.039"/>
  <system-out/>
  <testcase classname="pages.CheckoutWithTyre" name="selectDateTime" time="16.637"/>
  <system-out/>
</testsuite> <!-- pages.CheckoutWithTyre -->
