<?xml version="1.0" encoding="UTF-8"?>
<!-- Generated by org.testng.reporters.JUnitReportReporter -->
<testsuite hostname="Admins-MacBook-Pro.local" failures="0" tests="9" name="pages.CheckoutWithPeriodicService" time="111.199" errors="0" timestamp="2022-12-22T13:41:26 IST" skipped="0">
  <testcase classname="pages.CheckoutWithPeriodicService" name="sampleTest" time="0.006"/>
  <system-out/>
  <testcase classname="pages.CheckoutWithPeriodicService" name="addPeriodicService" time="36.615"/>
  <system-out>
    <![CDATA[Veirfy Address is current address]]>
  </system-out>
  <testcase classname="pages.CheckoutWithPeriodicService" name="checkoutwithoutaddon" time="18.796"/>
  <system-out/>
  <testcase classname="pages.CheckoutWithPeriodicService" name="checkout" time="1.499"/>
  <system-out/>
  <testcase classname="pages.CheckoutWithPeriodicService" name="loginWithTrueCaller" time="10.290"/>
  <system-out/>
  <testcase classname="pages.CheckoutWithPeriodicService" name="verifyItemTotal" time="9.462"/>
  <system-out/>
  <testcase classname="pages.CheckoutWithPeriodicService" name="applyCouponGoappMoney" time="16.215"/>
  <system-out/>
  <testcase classname="pages.CheckoutWithPeriodicService" name="checkoutButton" time="1.030"/>
  <system-out/>
  <testcase classname="pages.CheckoutWithPeriodicService" name="selectDateTime" time="17.286"/>
  <system-out/>
</testsuite> <!-- pages.CheckoutWithPeriodicService -->
