<?xml version="1.0" encoding="UTF-8"?>
<!-- Generated by org.testng.reporters.JUnitReportReporter -->
<testsuite hostname="Admins-MacBook-Pro.local" failures="0" tests="9" name="pages.CheckoutWithPeriodicService" time="113.533" errors="0" timestamp="2022-11-29T11:55:07 IST" skipped="0">
  <testcase classname="pages.CheckoutWithPeriodicService" name="sampleTest" time="0.006"/>
  <system-out/>
  <testcase classname="pages.CheckoutWithPeriodicService" name="addPeriodicService" time="35.203"/>
  <system-out>
    <![CDATA[Veirfy Address is current address]]>
  </system-out>
  <testcase classname="pages.CheckoutWithPeriodicService" name="checkoutwithoutaddon" time="18.961"/>
  <system-out/>
  <testcase classname="pages.CheckoutWithPeriodicService" name="checkout" time="1.475"/>
  <system-out/>
  <testcase classname="pages.CheckoutWithPeriodicService" name="loginWithTrueCaller" time="10.248"/>
  <system-out/>
  <testcase classname="pages.CheckoutWithPeriodicService" name="verifyItemTotal" time="11.879"/>
  <system-out/>
  <testcase classname="pages.CheckoutWithPeriodicService" name="applyCouponGoappMoney" time="16.346"/>
  <system-out/>
  <testcase classname="pages.CheckoutWithPeriodicService" name="checkoutButton" time="0.987"/>
  <system-out/>
  <testcase classname="pages.CheckoutWithPeriodicService" name="selectDateTime" time="18.428"/>
  <system-out/>
</testsuite> <!-- pages.CheckoutWithPeriodicService -->
