<?xml version="1.0" encoding="UTF-8"?>
<!-- Generated by org.testng.reporters.JUnitReportReporter -->
<testsuite hostname="Admins-MacBook-Pro.local" failures="0" tests="9" name="pages.CheckoutWithACService" time="106.238" errors="0" timestamp="2022-12-05T12:25:03 IST" skipped="0">
  <testcase classname="pages.CheckoutWithACService" name="sampleTest" time="0.007"/>
  <system-out/>
  <testcase classname="pages.CheckoutWithACService" name="addAcService" time="35.621"/>
  <system-out>
    <![CDATA[Veirfy Address is current address]]>
  </system-out>
  <testcase classname="pages.CheckoutWithACService" name="checkoutwithoutaddon" time="12.433"/>
  <system-out/>
  <testcase classname="pages.CheckoutWithACService" name="checkout" time="1.342"/>
  <system-out/>
  <testcase classname="pages.CheckoutWithACService" name="loginWithTrueCaller" time="10.272"/>
  <system-out/>
  <testcase classname="pages.CheckoutWithACService" name="verifyItemTotal" time="11.617"/>
  <system-out/>
  <testcase classname="pages.CheckoutWithACService" name="applyCouponGoappMoney" time="16.165"/>
  <system-out/>
  <testcase classname="pages.CheckoutWithACService" name="checkoutButton" time="0.866"/>
  <system-out/>
  <testcase classname="pages.CheckoutWithACService" name="selectDateTime" time="17.915"/>
  <system-out/>
</testsuite> <!-- pages.CheckoutWithACService -->
