<?xml version="1.0" encoding="UTF-8"?>
<!-- Generated by org.testng.reporters.JUnitReportReporter -->
<testsuite hostname="Admins-MacBook-Pro.local" failures="0" tests="2" name="pages.BaseClass" time="0.513" errors="1" timestamp="2022-11-23T17:42:33 IST" skipped="0">
  <testcase classname="pages.BaseClass" name="sampleTest" time="0.476"/>
  <system-out/>
  <testcase classname="pages.BaseClass" name="tearDown" time="0.037">
    <error message="The requested resource could not be found, or a request was received using an HTTP method that is not supported by the mapped resource
Build info: version: &#039;4.6.0&#039;, revision: &#039;79f1c02ae20&#039;
System info: os.name: &#039;Mac OS X&#039;, os.arch: &#039;x86_64&#039;, os.version: &#039;13.0.1&#039;, java.version: &#039;11.0.16.1&#039;
Driver info: io.appium.java_client.android.AndroidDriver
Command: [387e8463-bdc2-438d-95a9-c55142d447a7, close {}]
Capabilities {appium:appActivity: gomechanic.retail.HomeActivity, appium:appPackage: gomechanic.retail, appium:automationName: Appium, appium:connectHardwareKeyboard: true, appium:databaseEnabled: false, appium:desired: {appActivity: gomechanic.retail.HomeActivity, appPackage: gomechanic.retail, automationName: Appium, connectHardwareKeyboard: true, deviceName: Redmi 9A, newCommandTimeout: 3600, noReset: true, platformName: android, platformVersion: 10 QP1A.190711.020, udid: PV4HBUTG5XYXYPMN}, appium:deviceApiLevel: 29, appium:deviceManufacturer: Xiaomi, appium:deviceModel: M2006C3LI, appium:deviceName: PV4HBUTG5XYXYPMN, appium:deviceScreenDensity: 320, appium:deviceScreenSize: 720x1600, appium:deviceUDID: PV4HBUTG5XYXYPMN, appium:javascriptEnabled: true, appium:locationContextEnabled: false, appium:networkConnectionEnabled: true, appium:newCommandTimeout: 3600, appium:noReset: true, appium:pixelRatio: 2, appium:platformVersion: 10, appium:statBarHeight: 55, appium:takesScreenshot: true, appium:udid: PV4HBUTG5XYXYPMN, appium:viewportRect: {height: 1394, left: 0, top: 55, width: 720}, appium:warnings: {}, appium:webStorageEnabled: false, platformName: ANDROID}
Session ID: 387e8463-bdc2-438d-95a9-c55142d447a7" type="org.openqa.selenium.UnsupportedCommandException">
      <![CDATA[org.openqa.selenium.UnsupportedCommandException: The requested resource could not be found, or a request was received using an HTTP method that is not supported by the mapped resource
Build info: version: '4.6.0', revision: '79f1c02ae20'
System info: os.name: 'Mac OS X', os.arch: 'x86_64', os.version: '13.0.1', java.version: '11.0.16.1'
Driver info: io.appium.java_client.android.AndroidDriver
Command: [387e8463-bdc2-438d-95a9-c55142d447a7, close {}]
Capabilities {appium:appActivity: gomechanic.retail.HomeActivity, appium:appPackage: gomechanic.retail, appium:automationName: Appium, appium:connectHardwareKeyboard: true, appium:databaseEnabled: false, appium:desired: {appActivity: gomechanic.retail.HomeActivity, appPackage: gomechanic.retail, automationName: Appium, connectHardwareKeyboard: true, deviceName: Redmi 9A, newCommandTimeout: 3600, noReset: true, platformName: android, platformVersion: 10 QP1A.190711.020, udid: PV4HBUTG5XYXYPMN}, appium:deviceApiLevel: 29, appium:deviceManufacturer: Xiaomi, appium:deviceModel: M2006C3LI, appium:deviceName: PV4HBUTG5XYXYPMN, appium:deviceScreenDensity: 320, appium:deviceScreenSize: 720x1600, appium:deviceUDID: PV4HBUTG5XYXYPMN, appium:javascriptEnabled: true, appium:locationContextEnabled: false, appium:networkConnectionEnabled: true, appium:newCommandTimeout: 3600, appium:noReset: true, appium:pixelRatio: 2, appium:platformVersion: 10, appium:statBarHeight: 55, appium:takesScreenshot: true, appium:udid: PV4HBUTG5XYXYPMN, appium:viewportRect: {height: 1394, left: 0, top: 55, width: 720}, appium:warnings: {}, appium:webStorageEnabled: false, platformName: ANDROID}
Session ID: 387e8463-bdc2-438d-95a9-c55142d447a7
at java.base/jdk.internal.reflect.NativeConstructorAccessorImpl.newInstance0(Native Method)
at java.base/jdk.internal.reflect.NativeConstructorAccessorImpl.newInstance(NativeConstructorAccessorImpl.java:62)
at java.base/jdk.internal.reflect.DelegatingConstructorAccessorImpl.newInstance(DelegatingConstructorAccessorImpl.java:45)
at java.base/java.lang.reflect.Constructor.newInstance(Constructor.java:490)
at org.openqa.selenium.remote.codec.w3c.W3CHttpResponseCodec.createException(W3CHttpResponseCodec.java:200)
at org.openqa.selenium.remote.codec.w3c.W3CHttpResponseCodec.decode(W3CHttpResponseCodec.java:133)
at org.openqa.selenium.remote.codec.w3c.W3CHttpResponseCodec.decode(W3CHttpResponseCodec.java:53)
at org.openqa.selenium.remote.HttpCommandExecutor.execute(HttpCommandExecutor.java:184)
at io.appium.java_client.remote.AppiumCommandExecutor.execute(AppiumCommandExecutor.java:189)
at org.openqa.selenium.remote.RemoteWebDriver.execute(RemoteWebDriver.java:541)
at org.openqa.selenium.remote.RemoteWebDriver.execute(RemoteWebDriver.java:596)
at io.appium.java_client.AppiumDriver.execute(AppiumDriver.java:272)
at org.openqa.selenium.remote.RemoteWebDriver.close(RemoteWebDriver.java:432)
at pages.BaseClass.tearDown(BaseClass.java:51)
at java.base/jdk.internal.reflect.NativeMethodAccessorImpl.invoke0(Native Method)
at java.base/jdk.internal.reflect.NativeMethodAccessorImpl.invoke(NativeMethodAccessorImpl.java:62)
at java.base/jdk.internal.reflect.DelegatingMethodAccessorImpl.invoke(DelegatingMethodAccessorImpl.java:43)
at java.base/java.lang.reflect.Method.invoke(Method.java:566)
at org.testng.internal.invokers.MethodInvocationHelper.invokeMethod(MethodInvocationHelper.java:139)
at org.testng.internal.invokers.MethodInvocationHelper.invokeMethodConsideringTimeout(MethodInvocationHelper.java:69)
at org.testng.internal.invokers.ConfigInvoker.invokeConfigurationMethod(ConfigInvoker.java:361)
at org.testng.internal.invokers.ConfigInvoker.invokeConfigurations(ConfigInvoker.java:296)
at org.testng.internal.invokers.TestMethodWorker.invokeAfterClassMethods(TestMethodWorker.java:222)
at org.testng.internal.invokers.TestMethodWorker.run(TestMethodWorker.java:131)
at java.base/java.util.ArrayList.forEach(ArrayList.java:1541)
at org.testng.TestRunner.privateRun(TestRunner.java:806)
at org.testng.TestRunner.run(TestRunner.java:601)
at org.testng.SuiteRunner.runTest(SuiteRunner.java:433)
at org.testng.SuiteRunner.runSequentially(SuiteRunner.java:427)
at org.testng.SuiteRunner.privateRun(SuiteRunner.java:387)
at org.testng.SuiteRunner.run(SuiteRunner.java:330)
at org.testng.SuiteRunnerWorker.runSuite(SuiteRunnerWorker.java:52)
at org.testng.SuiteRunnerWorker.run(SuiteRunnerWorker.java:95)
at org.testng.TestNG.runSuitesSequentially(TestNG.java:1256)
at org.testng.TestNG.runSuitesLocally(TestNG.java:1176)
at org.testng.TestNG.runSuites(TestNG.java:1099)
at org.testng.TestNG.run(TestNG.java:1067)
at org.testng.remote.AbstractRemoteTestNG.run(AbstractRemoteTestNG.java:115)
at org.testng.remote.RemoteTestNG.initAndRun(RemoteTestNG.java:251)
at org.testng.remote.RemoteTestNG.main(RemoteTestNG.java:77)
]]>
    </error>
  </testcase> <!-- tearDown -->
  <system-out/>
</testsuite> <!-- pages.BaseClass -->
