<?xml version="1.0" encoding="UTF-8"?>
<!-- Generated by org.testng.reporters.JUnitReportReporter -->
<testsuite hostname="Admins-MacBook-Pro.local" failures="0" tests="8" name="pages.CheckoutWithTyre" time="79.769" errors="0" timestamp="2022-12-22T14:18:56 IST" skipped="0">
  <testcase classname="pages.CheckoutWithTyre" name="sampleTest" time="0.000"/>
  <system-out/>
  <testcase classname="pages.CheckoutWithTyre" name="addAcService" time="31.803"/>
  <system-out>
    <![CDATA[Veirfy Address is current address]]>
  </system-out>
  <testcase classname="pages.CheckoutWithTyre" name="checkoutwithoutaddon" time="8.226"/>
  <system-out/>
  <testcase classname="pages.CheckoutWithTyre" name="checkout" time="1.652"/>
  <system-out/>
  <testcase classname="pages.CheckoutWithTyre" name="loginWithTrueCaller" time="10.237"/>
  <system-out/>
  <testcase classname="pages.CheckoutWithTyre" name="verifyItemTotal" time="9.837"/>
  <system-out/>
  <testcase classname="pages.CheckoutWithTyre" name="checkoutButton" time="0.987"/>
  <system-out/>
  <testcase classname="pages.CheckoutWithTyre" name="selectDateTime" time="17.027"/>
  <system-out/>
</testsuite> <!-- pages.CheckoutWithTyre -->
