<?xml version="1.0" encoding="UTF-8"?>
<!-- Generated by org.testng.reporters.JUnitReportReporter -->
<testsuite hostname="Admins-MacBook-Pro.local" failures="0" tests="9" name="pages.CheckoutWithPeriodicService" time="112.887" errors="0" timestamp="2022-11-29T17:03:21 IST" skipped="0">
  <testcase classname="pages.CheckoutWithPeriodicService" name="sampleTest" time="0.007"/>
  <system-out/>
  <testcase classname="pages.CheckoutWithPeriodicService" name="addPeriodicService" time="35.892"/>
  <system-out>
    <![CDATA[Veirfy Address is current address]]>
  </system-out>
  <testcase classname="pages.CheckoutWithPeriodicService" name="checkoutwithoutaddon" time="18.621"/>
  <system-out/>
  <testcase classname="pages.CheckoutWithPeriodicService" name="checkout" time="1.553"/>
  <system-out/>
  <testcase classname="pages.CheckoutWithPeriodicService" name="loginWithTrueCaller" time="10.304"/>
  <system-out/>
  <testcase classname="pages.CheckoutWithPeriodicService" name="verifyItemTotal" time="11.307"/>
  <system-out/>
  <testcase classname="pages.CheckoutWithPeriodicService" name="applyCouponGoappMoney" time="16.306"/>
  <system-out/>
  <testcase classname="pages.CheckoutWithPeriodicService" name="checkoutButton" time="0.902"/>
  <system-out/>
  <testcase classname="pages.CheckoutWithPeriodicService" name="selectDateTime" time="17.995"/>
  <system-out/>
</testsuite> <!-- pages.CheckoutWithPeriodicService -->
